{"/home/travis/build/npmtest/node-npmtest-xml-writer/test.js":{"path":"/home/travis/build/npmtest/node-npmtest-xml-writer/test.js","s":{"1":2,"2":2,"3":2,"4":2,"5":2,"6":2,"7":2,"8":1,"9":2,"10":2,"11":1,"12":1,"13":1,"14":1,"15":2,"16":2,"17":2,"18":2,"19":1,"20":1,"21":2,"22":2,"23":2,"24":1,"25":1,"26":1,"27":1,"28":1,"29":1,"30":1,"31":1,"32":1,"33":1,"34":1,"35":1,"36":1,"37":1,"38":1,"39":2,"40":2,"41":1,"42":2,"43":2,"44":1,"45":2,"46":2,"47":1,"48":2,"49":2,"50":1,"51":1,"52":1,"53":1,"54":1},"b":{"1":[2,1,1,1],"2":[1,1,1,1],"3":[1,1],"4":[1,1],"5":[1,1],"6":[1,1],"7":[1,1],"8":[1,1],"9":[1,1],"10":[1,1,1],"11":[1,1],"12":[1,1],"13":[1,1],"14":[1,1],"15":[1,1],"16":[1,1],"17":[1,1]},"f":{"1":2,"2":2,"3":2,"4":2,"5":2,"6":1,"7":1,"8":1,"9":2,"10":2,"11":2,"12":2,"13":1},"fnMap":{"1":{"name":"(anonymous_1)","line":12,"loc":{"start":{"line":12,"column":1},"end":{"line":12,"column":13}}},"2":{"name":"(anonymous_2)","line":19,"loc":{"start":{"line":19,"column":5},"end":{"line":19,"column":17}}},"3":{"name":"(anonymous_3)","line":23,"loc":{"start":{"line":23,"column":24},"end":{"line":23,"column":36}}},"4":{"name":"(anonymous_4)","line":61,"loc":{"start":{"line":61,"column":5},"end":{"line":61,"column":17}}},"5":{"name":"(anonymous_5)","line":82,"loc":{"start":{"line":82,"column":5},"end":{"line":82,"column":17}}},"6":{"name":"(anonymous_6)","line":91,"loc":{"start":{"line":91,"column":77},"end":{"line":94,"column":10}}},"7":{"name":"(anonymous_7)","line":112,"loc":{"start":{"line":112,"column":83},"end":{"line":115,"column":10}},"skip":true},"8":{"name":"(anonymous_8)","line":123,"loc":{"start":{"line":123,"column":77},"end":{"line":126,"column":10}},"skip":true},"9":{"name":"(anonymous_9)","line":139,"loc":{"start":{"line":139,"column":12},"end":{"line":139,"column":40}},"skip":true},"10":{"name":"(anonymous_10)","line":147,"loc":{"start":{"line":147,"column":77},"end":{"line":150,"column":10}},"skip":true},"11":{"name":"(anonymous_11)","line":158,"loc":{"start":{"line":158,"column":83},"end":{"line":161,"column":10}},"skip":true},"12":{"name":"(anonymous_12)","line":169,"loc":{"start":{"line":169,"column":79},"end":{"line":172,"column":10}},"skip":true},"13":{"name":"(anonymous_13)","line":180,"loc":{"start":{"line":180,"column":75},"end":{"line":183,"column":10}},"skip":true}},"statementMap":{"1":{"start":{"line":12,"column":0},"end":{"line":195,"column":5}},"2":{"start":{"line":14,"column":4},"end":{"line":14,"column":14}},"3":{"start":{"line":19,"column":4},"end":{"line":56,"column":9}},"4":{"start":{"line":21,"column":8},"end":{"line":21,"column":19}},"5":{"start":{"line":23,"column":8},"end":{"line":35,"column":13}},"6":{"start":{"line":24,"column":12},"end":{"line":34,"column":13}},"7":{"start":{"line":25,"column":16},"end":{"line":28,"column":30}},"8":{"start":{"line":30,"column":16},"end":{"line":33,"column":27}},"9":{"start":{"line":37,"column":8},"end":{"line":39,"column":21}},"10":{"start":{"line":40,"column":8},"end":{"line":53,"column":9}},"11":{"start":{"line":43,"column":12},"end":{"line":46,"column":14}},"12":{"start":{"line":47,"column":12},"end":{"line":47,"column":18}},"13":{"start":{"line":50,"column":12},"end":{"line":51,"column":46}},"14":{"start":{"line":52,"column":12},"end":{"line":52,"column":18}},"15":{"start":{"line":55,"column":8},"end":{"line":55,"column":35}},"16":{"start":{"line":61,"column":4},"end":{"line":63,"column":9}},"17":{"start":{"line":62,"column":8},"end":{"line":62,"column":15}},"18":{"start":{"line":64,"column":4},"end":{"line":77,"column":5}},"19":{"start":{"line":70,"column":8},"end":{"line":70,"column":14}},"20":{"start":{"line":76,"column":8},"end":{"line":76,"column":14}},"21":{"start":{"line":82,"column":4},"end":{"line":84,"column":9}},"22":{"start":{"line":83,"column":8},"end":{"line":83,"column":15}},"23":{"start":{"line":85,"column":4},"end":{"line":194,"column":5}},"24":{"start":{"line":91,"column":8},"end":{"line":99,"column":10}},"25":{"start":{"line":98,"column":12},"end":{"line":98,"column":35}},"26":{"start":{"line":102,"column":8},"end":{"line":104,"column":63}},"27":{"start":{"line":105,"column":8},"end":{"line":105,"column":14}},"28":{"start":{"line":112,"column":8},"end":{"line":121,"column":10},"skip":true},"29":{"start":{"line":119,"column":12},"end":{"line":119,"column":55},"skip":true},"30":{"start":{"line":120,"column":12},"end":{"line":120,"column":48},"skip":true},"31":{"start":{"line":123,"column":8},"end":{"line":136,"column":10},"skip":true},"32":{"start":{"line":130,"column":12},"end":{"line":130,"column":76},"skip":true},"33":{"start":{"line":131,"column":12},"end":{"line":131,"column":73},"skip":true},"34":{"start":{"line":132,"column":12},"end":{"line":132,"column":74},"skip":true},"35":{"start":{"line":133,"column":12},"end":{"line":133,"column":79},"skip":true},"36":{"start":{"line":134,"column":12},"end":{"line":134,"column":25},"skip":true},"37":{"start":{"line":135,"column":12},"end":{"line":135,"column":45},"skip":true},"38":{"start":{"line":138,"column":8},"end":{"line":145,"column":14},"skip":true},"39":{"start":{"line":143,"column":16},"end":{"line":143,"column":29},"skip":true},"40":{"start":{"line":144,"column":16},"end":{"line":144,"column":55},"skip":true},"41":{"start":{"line":147,"column":8},"end":{"line":156,"column":10},"skip":true},"42":{"start":{"line":154,"column":12},"end":{"line":154,"column":25},"skip":true},"43":{"start":{"line":155,"column":12},"end":{"line":155,"column":45},"skip":true},"44":{"start":{"line":158,"column":8},"end":{"line":167,"column":10},"skip":true},"45":{"start":{"line":165,"column":12},"end":{"line":165,"column":25},"skip":true},"46":{"start":{"line":166,"column":12},"end":{"line":166,"column":48},"skip":true},"47":{"start":{"line":169,"column":8},"end":{"line":178,"column":10},"skip":true},"48":{"start":{"line":176,"column":12},"end":{"line":176,"column":25},"skip":true},"49":{"start":{"line":177,"column":12},"end":{"line":177,"column":46},"skip":true},"50":{"start":{"line":180,"column":8},"end":{"line":189,"column":10},"skip":true},"51":{"start":{"line":187,"column":12},"end":{"line":187,"column":94},"skip":true},"52":{"start":{"line":188,"column":12},"end":{"line":188,"column":48},"skip":true},"53":{"start":{"line":192,"column":8},"end":{"line":192,"column":35},"skip":true},"54":{"start":{"line":193,"column":8},"end":{"line":193,"column":14},"skip":true}},"branchMap":{"1":{"line":25,"type":"binary-expr","locations":[{"start":{"line":25,"column":23},"end":{"line":25,"column":62}},{"start":{"line":26,"column":20},"end":{"line":26,"column":70}},{"start":{"line":27,"column":20},"end":{"line":27,"column":71}},{"start":{"line":28,"column":20},"end":{"line":28,"column":29}}]},"2":{"line":30,"type":"binary-expr","locations":[{"start":{"line":30,"column":23},"end":{"line":30,"column":37}},{"start":{"line":31,"column":20},"end":{"line":31,"column":61}},{"start":{"line":32,"column":20},"end":{"line":32,"column":70}},{"start":{"line":33,"column":20},"end":{"line":33,"column":26}}]},"3":{"line":37,"type":"cond-expr","locations":[{"start":{"line":38,"column":14},"end":{"line":38,"column":20}},{"start":{"line":39,"column":14},"end":{"line":39,"column":20}}]},"4":{"line":40,"type":"switch","locations":[{"start":{"line":42,"column":8},"end":{"line":47,"column":18}},{"start":{"line":49,"column":8},"end":{"line":52,"column":18}}]},"5":{"line":44,"type":"binary-expr","locations":[{"start":{"line":44,"column":16},"end":{"line":44,"column":44}},{"start":{"line":44,"column":48},"end":{"line":44,"column":66}}]},"6":{"line":50,"type":"binary-expr","locations":[{"start":{"line":50,"column":21},"end":{"line":50,"column":49}},{"start":{"line":50,"column":53},"end":{"line":50,"column":72}}]},"7":{"line":64,"type":"switch","locations":[{"start":{"line":69,"column":4},"end":{"line":70,"column":14}},{"start":{"line":75,"column":4},"end":{"line":76,"column":14}}]},"8":{"line":85,"type":"switch","locations":[{"start":{"line":90,"column":4},"end":{"line":105,"column":14}},{"start":{"line":111,"column":4},"end":{"line":193,"column":14},"skip":true}]},"9":{"line":91,"type":"binary-expr","locations":[{"start":{"line":91,"column":42},"end":{"line":91,"column":73}},{"start":{"line":91,"column":77},"end":{"line":99,"column":9}}]},"10":{"line":102,"type":"binary-expr","locations":[{"start":{"line":102,"column":18},"end":{"line":102,"column":32}},{"start":{"line":103,"column":12},"end":{"line":103,"column":53}},{"start":{"line":104,"column":12},"end":{"line":104,"column":61}}]},"11":{"line":112,"type":"binary-expr","locations":[{"start":{"line":112,"column":45},"end":{"line":112,"column":79},"skip":true},{"start":{"line":112,"column":83},"end":{"line":121,"column":9},"skip":true}]},"12":{"line":123,"type":"binary-expr","locations":[{"start":{"line":123,"column":42},"end":{"line":123,"column":73},"skip":true},{"start":{"line":123,"column":77},"end":{"line":136,"column":9},"skip":true}]},"13":{"line":138,"type":"binary-expr","locations":[{"start":{"line":138,"column":48},"end":{"line":138,"column":85},"skip":true},{"start":{"line":139,"column":12},"end":{"line":145,"column":13},"skip":true}]},"14":{"line":147,"type":"binary-expr","locations":[{"start":{"line":147,"column":42},"end":{"line":147,"column":73},"skip":true},{"start":{"line":147,"column":77},"end":{"line":156,"column":9},"skip":true}]},"15":{"line":158,"type":"binary-expr","locations":[{"start":{"line":158,"column":45},"end":{"line":158,"column":79},"skip":true},{"start":{"line":158,"column":83},"end":{"line":167,"column":9},"skip":true}]},"16":{"line":169,"type":"binary-expr","locations":[{"start":{"line":169,"column":43},"end":{"line":169,"column":75},"skip":true},{"start":{"line":169,"column":79},"end":{"line":178,"column":9},"skip":true}]},"17":{"line":180,"type":"binary-expr","locations":[{"start":{"line":180,"column":41},"end":{"line":180,"column":71},"skip":true},{"start":{"line":180,"column":75},"end":{"line":189,"column":9},"skip":true}]}},"code":["/* istanbul instrument in package npmtest_xml_writer */","/*jslint","    bitwise: true,","    browser: true,","    maxerr: 8,","    maxlen: 96,","    node: true,","    nomen: true,","    regexp: true,","    stupid: true","*/","(function () {","    'use strict';","    var local;","","","","    // run shared js-env code - pre-init","    (function () {","        // init local","        local = {};","        // init modeJs","        local.modeJs = (function () {","            try {","                return typeof navigator.userAgent === 'string' &&","                    typeof document.querySelector('body') === 'object' &&","                    typeof XMLHttpRequest.prototype.open === 'function' &&","                    'browser';","            } catch (errorCaughtBrowser) {","                return module.exports &&","                    typeof process.versions.node === 'string' &&","                    typeof require('http').createServer === 'function' &&","                    'node';","            }","        }());","        // init global","        local.global = local.modeJs === 'browser'","            ? window","            : global;","        switch (local.modeJs) {","        // re-init local from window.local","        case 'browser':","            local = local.global.utility2.objectSetDefault(","                local.global.utility2_rollup || local.global.local,","                local.global.utility2","            );","            break;","        // re-init local from example.js","        case 'node':","            local = (local.global.utility2_rollup || require('utility2'))","                .requireExampleJsFromReadme();","            break;","        }","        // export local","        local.global.local = local;","    }());","","","","    // run shared js-env code - function","    (function () {","        return;","    }());","    switch (local.modeJs) {","","","","    // run browser js-env code - function","    case 'browser':","        break;","","","","    // run node js-env code - function","    case 'node':","        break;","    }","","","","    // run shared js-env code - post-init","    (function () {","        return;","    }());","    switch (local.modeJs) {","","","","    // run browser js-env code - post-init","    case 'browser':","        local.testCase_browser_nullCase = local.testCase_browser_nullCase || function (","            options,","            onError","        ) {","        /*","         * this function will test browsers's null-case handling-behavior-behavior","         */","            onError(null, options);","        };","","        // run tests","        local.nop(local.modeTest &&","            document.querySelector('#testRunButton1') &&","            document.querySelector('#testRunButton1').click());","        break;","","","","    // run node js-env code - post-init","    /* istanbul ignore next */","    case 'node':","        local.testCase_buildApidoc_default = local.testCase_buildApidoc_default || function (","            options,","            onError","        ) {","        /*","         * this function will test buildApidoc's default handling-behavior-behavior","         */","            options = { modulePathList: module.paths };","            local.buildApidoc(options, onError);","        };","","        local.testCase_buildApp_default = local.testCase_buildApp_default || function (","            options,","            onError","        ) {","        /*","         * this function will test buildApp's default handling-behavior-behavior","         */","            local.testCase_buildReadme_default(options, local.onErrorThrow);","            local.testCase_buildLib_default(options, local.onErrorThrow);","            local.testCase_buildTest_default(options, local.onErrorThrow);","            local.testCase_buildCustomOrg_default(options, local.onErrorThrow);","            options = [];","            local.buildApp(options, onError);","        };","","        local.testCase_buildCustomOrg_default = local.testCase_buildCustomOrg_default ||","            function (options, onError) {","            /*","             * this function will test buildCustomOrg's default handling-behavior","             */","                options = {};","                local.buildCustomOrg(options, onError);","            };","","        local.testCase_buildLib_default = local.testCase_buildLib_default || function (","            options,","            onError","        ) {","        /*","         * this function will test buildLib's default handling-behavior","         */","            options = {};","            local.buildLib(options, onError);","        };","","        local.testCase_buildReadme_default = local.testCase_buildReadme_default || function (","            options,","            onError","        ) {","        /*","         * this function will test buildReadme's default handling-behavior-behavior","         */","            options = {};","            local.buildReadme(options, onError);","        };","","        local.testCase_buildTest_default = local.testCase_buildTest_default || function (","            options,","            onError","        ) {","        /*","         * this function will test buildTest's default handling-behavior","         */","            options = {};","            local.buildTest(options, onError);","        };","","        local.testCase_webpage_default = local.testCase_webpage_default || function (","            options,","            onError","        ) {","        /*","         * this function will test webpage's default handling-behavior","         */","            options = { modeCoverageMerge: true, url: local.serverLocalHost + '?modeTest=1' };","            local.browserTest(options, onError);","        };","","        // run test-server","        local.testRunServer(local);","        break;","    }","}());",""],"l":{"12":2,"14":2,"19":2,"21":2,"23":2,"24":2,"25":2,"30":1,"37":2,"40":2,"43":1,"47":1,"50":1,"52":1,"55":2,"61":2,"62":2,"64":2,"70":1,"76":1,"82":2,"83":2,"85":2,"91":1,"98":1,"102":1,"105":1,"112":1,"119":1,"120":1,"123":1,"130":1,"131":1,"132":1,"133":1,"134":1,"135":1,"138":1,"143":2,"144":2,"147":1,"154":2,"155":2,"158":1,"165":2,"166":2,"169":1,"176":2,"177":2,"180":1,"187":1,"188":1,"192":1,"193":1}},"/home/travis/build/npmtest/node-npmtest-xml-writer/lib.npmtest_xml_writer.js":{"path":"/home/travis/build/npmtest/node-npmtest-xml-writer/lib.npmtest_xml_writer.js","s":{"1":2,"2":2,"3":2,"4":2,"5":2,"6":2,"7":2,"8":1,"9":2,"10":2,"11":2,"12":2,"13":1,"14":1,"15":1,"16":1},"b":{"1":[2,1,1,1],"2":[1,1,1,1],"3":[1,1],"4":[2,2],"5":[1,1]},"f":{"1":2,"2":2,"3":2},"fnMap":{"1":{"name":"(anonymous_1)","line":12,"loc":{"start":{"line":12,"column":1},"end":{"line":12,"column":13}}},"2":{"name":"(anonymous_2)","line":19,"loc":{"start":{"line":19,"column":5},"end":{"line":19,"column":17}}},"3":{"name":"(anonymous_3)","line":23,"loc":{"start":{"line":23,"column":24},"end":{"line":23,"column":36}}}},"statementMap":{"1":{"start":{"line":12,"column":0},"end":{"line":53,"column":5}},"2":{"start":{"line":14,"column":4},"end":{"line":14,"column":14}},"3":{"start":{"line":19,"column":4},"end":{"line":52,"column":9}},"4":{"start":{"line":21,"column":8},"end":{"line":21,"column":19}},"5":{"start":{"line":23,"column":8},"end":{"line":35,"column":13}},"6":{"start":{"line":24,"column":12},"end":{"line":34,"column":13}},"7":{"start":{"line":25,"column":16},"end":{"line":28,"column":30}},"8":{"start":{"line":30,"column":16},"end":{"line":33,"column":27}},"9":{"start":{"line":37,"column":8},"end":{"line":39,"column":21}},"10":{"start":{"line":41,"column":8},"end":{"line":41,"column":54}},"11":{"start":{"line":43,"column":8},"end":{"line":43,"column":55}},"12":{"start":{"line":45,"column":8},"end":{"line":51,"column":9}},"13":{"start":{"line":46,"column":12},"end":{"line":46,"column":61}},"14":{"start":{"line":48,"column":12},"end":{"line":48,"column":35}},"15":{"start":{"line":49,"column":12},"end":{"line":49,"column":49}},"16":{"start":{"line":50,"column":12},"end":{"line":50,"column":43}}},"branchMap":{"1":{"line":25,"type":"binary-expr","locations":[{"start":{"line":25,"column":23},"end":{"line":25,"column":62}},{"start":{"line":26,"column":20},"end":{"line":26,"column":70}},{"start":{"line":27,"column":20},"end":{"line":27,"column":71}},{"start":{"line":28,"column":20},"end":{"line":28,"column":29}}]},"2":{"line":30,"type":"binary-expr","locations":[{"start":{"line":30,"column":23},"end":{"line":30,"column":37}},{"start":{"line":31,"column":20},"end":{"line":31,"column":61}},{"start":{"line":32,"column":20},"end":{"line":32,"column":70}},{"start":{"line":33,"column":20},"end":{"line":33,"column":26}}]},"3":{"line":37,"type":"cond-expr","locations":[{"start":{"line":38,"column":14},"end":{"line":38,"column":20}},{"start":{"line":39,"column":14},"end":{"line":39,"column":20}}]},"4":{"line":41,"type":"binary-expr","locations":[{"start":{"line":41,"column":16},"end":{"line":41,"column":44}},{"start":{"line":41,"column":48},"end":{"line":41,"column":53}}]},"5":{"line":45,"type":"if","locations":[{"start":{"line":45,"column":8},"end":{"line":45,"column":8}},{"start":{"line":45,"column":8},"end":{"line":45,"column":8}}]}},"code":["/* istanbul instrument in package npmtest_xml_writer */","/*jslint","    bitwise: true,","    browser: true,","    maxerr: 8,","    maxlen: 96,","    node: true,","    nomen: true,","    regexp: true,","    stupid: true","*/","(function () {","    'use strict';","    var local;","","","","    // run shared js-env code - pre-init","    (function () {","        // init local","        local = {};","        // init modeJs","        local.modeJs = (function () {","            try {","                return typeof navigator.userAgent === 'string' &&","                    typeof document.querySelector('body') === 'object' &&","                    typeof XMLHttpRequest.prototype.open === 'function' &&","                    'browser';","            } catch (errorCaughtBrowser) {","                return module.exports &&","                    typeof process.versions.node === 'string' &&","                    typeof require('http').createServer === 'function' &&","                    'node';","            }","        }());","        // init global","        local.global = local.modeJs === 'browser'","            ? window","            : global;","        // init utility2_rollup","        local = local.global.utility2_rollup || local;","        // init lib","        local.local = local.npmtest_xml_writer = local;","        // init exports","        if (local.modeJs === 'browser') {","            local.global.utility2_npmtest_xml_writer = local;","        } else {","            module.exports = local;","            module.exports.__dirname = __dirname;","            module.exports.module = module;","        }","    }());","}());",""],"l":{"12":2,"14":2,"19":2,"21":2,"23":2,"24":2,"25":2,"30":1,"37":2,"41":2,"43":2,"45":2,"46":1,"48":1,"49":1,"50":1}},"/home/travis/build/npmtest/node-npmtest-xml-writer/example.js":{"path":"/home/travis/build/npmtest/node-npmtest-xml-writer/example.js","s":{"1":2,"2":2,"3":2,"4":2,"5":2,"6":2,"7":2,"8":1,"9":2,"10":2,"11":2,"12":2,"13":1,"14":2,"15":2,"16":2,"17":2,"18":2,"19":0,"20":2,"21":1,"22":1,"23":1,"24":1,"25":1,"26":0,"27":0,"28":1,"29":1,"30":2,"31":0,"32":0,"33":0,"34":1,"35":2,"36":2,"37":3,"38":3,"39":3,"40":3,"41":0,"42":3,"43":3,"44":3,"45":1,"46":3,"47":1,"48":1,"49":1,"50":1,"51":1,"52":1,"53":1,"54":1,"55":1,"56":1,"57":0,"58":1,"59":6,"60":6,"61":1,"62":2,"63":0,"64":2,"65":1,"66":1,"67":0,"68":0,"69":0,"70":0,"71":0,"72":0,"73":0,"74":0,"75":0,"76":0,"77":0,"78":0,"79":0,"80":0,"81":0,"82":0,"83":0},"b":{"1":[2,1,1,1],"2":[1,1,1,1],"3":[1,1],"4":[2,2],"5":[1,1],"6":[1,1],"7":[2,0],"8":[2,1,1,1,1,1],"9":[0,2,0],"10":[1,1],"11":[2,1,1],"12":[1,0],"13":[0,2],"14":[2,0,0,0,0,0,0],"15":[0,3],"16":[3,0],"17":[1,1],"18":[0,1],"19":[1,2,0,2],"20":[1,0],"21":[1,1],"22":[0,0],"23":[0,0],"24":[0,0],"25":[0,0],"26":[0,0],"27":[0,0],"28":[0,0]},"f":{"1":2,"2":2,"3":2,"4":2,"5":2,"6":2,"7":3,"8":3,"9":3,"10":1,"11":6,"12":0},"fnMap":{"1":{"name":"(anonymous_1)","line":26,"loc":{"start":{"line":26,"column":1},"end":{"line":26,"column":13}}},"2":{"name":"(anonymous_2)","line":33,"loc":{"start":{"line":33,"column":5},"end":{"line":33,"column":17}}},"3":{"name":"(anonymous_3)","line":37,"loc":{"start":{"line":37,"column":24},"end":{"line":37,"column":36}}},"4":{"name":"(anonymous_4)","line":69,"loc":{"start":{"line":69,"column":31},"end":{"line":69,"column":48}},"skip":true},"5":{"name":"(anonymous_5)","line":78,"loc":{"start":{"line":78,"column":26},"end":{"line":78,"column":45}},"skip":true},"6":{"name":"(anonymous_6)","line":123,"loc":{"start":{"line":123,"column":33},"end":{"line":123,"column":48}},"skip":true},"7":{"name":"(anonymous_7)","line":125,"loc":{"start":{"line":125,"column":27},"end":{"line":125,"column":39}},"skip":true},"8":{"name":"(anonymous_8)","line":133,"loc":{"start":{"line":133,"column":59},"end":{"line":133,"column":74}},"skip":true},"9":{"name":"(anonymous_9)","line":143,"loc":{"start":{"line":143,"column":45},"end":{"line":143,"column":62}},"skip":true},"10":{"name":"(anonymous_10)","line":144,"loc":{"start":{"line":144,"column":73},"end":{"line":144,"column":92}},"skip":true},"11":{"name":"(anonymous_11)","line":272,"loc":{"start":{"line":272,"column":51},"end":{"line":272,"column":77}},"skip":true},"12":{"name":"(anonymous_12)","line":315,"loc":{"start":{"line":315,"column":32},"end":{"line":315,"column":61}},"skip":true}},"statementMap":{"1":{"start":{"line":26,"column":0},"end":{"line":326,"column":5}},"2":{"start":{"line":28,"column":4},"end":{"line":28,"column":14}},"3":{"start":{"line":33,"column":4},"end":{"line":60,"column":9}},"4":{"start":{"line":35,"column":8},"end":{"line":35,"column":19}},"5":{"start":{"line":37,"column":8},"end":{"line":49,"column":13}},"6":{"start":{"line":38,"column":12},"end":{"line":48,"column":13}},"7":{"start":{"line":39,"column":16},"end":{"line":42,"column":30}},"8":{"start":{"line":44,"column":16},"end":{"line":47,"column":27}},"9":{"start":{"line":51,"column":8},"end":{"line":53,"column":21}},"10":{"start":{"line":55,"column":8},"end":{"line":57,"column":45}},"11":{"start":{"line":59,"column":8},"end":{"line":59,"column":35}},"12":{"start":{"line":61,"column":4},"end":{"line":325,"column":5}},"13":{"start":{"line":69,"column":8},"end":{"line":121,"column":10},"skip":true},"14":{"start":{"line":70,"column":12},"end":{"line":88,"column":13},"skip":true},"15":{"start":{"line":76,"column":16},"end":{"line":87,"column":19},"skip":true},"16":{"start":{"line":79,"column":20},"end":{"line":86,"column":21},"skip":true},"17":{"start":{"line":82,"column":24},"end":{"line":82,"column":43},"skip":true},"18":{"start":{"line":83,"column":24},"end":{"line":83,"column":30},"skip":true},"19":{"start":{"line":85,"column":24},"end":{"line":85,"column":49},"skip":true},"20":{"start":{"line":89,"column":12},"end":{"line":107,"column":13},"skip":true},"21":{"start":{"line":92,"column":16},"end":{"line":102,"column":17},"skip":true},"22":{"start":{"line":93,"column":20},"end":{"line":93,"column":86},"skip":true},"23":{"start":{"line":94,"column":20},"end":{"line":95,"column":45},"skip":true},"24":{"start":{"line":96,"column":20},"end":{"line":96,"column":42},"skip":true},"25":{"start":{"line":97,"column":20},"end":{"line":97,"column":48},"skip":true},"26":{"start":{"line":100,"column":20},"end":{"line":100,"column":85},"skip":true},"27":{"start":{"line":101,"column":20},"end":{"line":101,"column":96},"skip":true},"28":{"start":{"line":103,"column":16},"end":{"line":103,"column":22},"skip":true},"29":{"start":{"line":106,"column":16},"end":{"line":106,"column":22},"skip":true},"30":{"start":{"line":108,"column":12},"end":{"line":120,"column":13},"skip":true},"31":{"start":{"line":114,"column":16},"end":{"line":119,"column":17},"skip":true},"32":{"start":{"line":116,"column":20},"end":{"line":116,"column":78},"skip":true},"33":{"start":{"line":118,"column":20},"end":{"line":118,"column":47},"skip":true},"34":{"start":{"line":123,"column":8},"end":{"line":141,"column":11},"skip":true},"35":{"start":{"line":124,"column":12},"end":{"line":124,"column":54},"skip":true},"36":{"start":{"line":125,"column":12},"end":{"line":140,"column":14},"skip":true},"37":{"start":{"line":126,"column":16},"end":{"line":126,"column":28},"skip":true},"38":{"start":{"line":127,"column":16},"end":{"line":127,"column":69},"skip":true},"39":{"start":{"line":128,"column":16},"end":{"line":128,"column":75},"skip":true},"40":{"start":{"line":129,"column":16},"end":{"line":131,"column":17},"skip":true},"41":{"start":{"line":130,"column":20},"end":{"line":130,"column":27},"skip":true},"42":{"start":{"line":133,"column":16},"end":{"line":137,"column":36},"skip":true},"43":{"start":{"line":134,"column":20},"end":{"line":136,"column":55},"skip":true},"44":{"start":{"line":139,"column":16},"end":{"line":139,"column":57},"skip":true},"45":{"start":{"line":143,"column":8},"end":{"line":147,"column":11},"skip":true},"46":{"start":{"line":144,"column":12},"end":{"line":146,"column":15},"skip":true},"47":{"start":{"line":145,"column":16},"end":{"line":145,"column":70},"skip":true},"48":{"start":{"line":149,"column":8},"end":{"line":149,"column":31},"skip":true},"49":{"start":{"line":150,"column":8},"end":{"line":150,"column":14},"skip":true},"50":{"start":{"line":158,"column":8},"end":{"line":158,"column":31},"skip":true},"51":{"start":{"line":160,"column":8},"end":{"line":160,"column":33},"skip":true},"52":{"start":{"line":161,"column":8},"end":{"line":161,"column":37},"skip":true},"53":{"start":{"line":162,"column":8},"end":{"line":162,"column":35},"skip":true},"54":{"start":{"line":164,"column":8},"end":{"line":164,"column":50},"skip":true},"55":{"start":{"line":166,"column":8},"end":{"line":256,"column":2},"skip":true},"56":{"start":{"line":258,"column":8},"end":{"line":286,"column":9},"skip":true},"57":{"start":{"line":259,"column":12},"end":{"line":269,"column":14},"skip":true},"58":{"start":{"line":271,"column":12},"end":{"line":285,"column":19},"skip":true},"59":{"start":{"line":274,"column":20},"end":{"line":274,"column":35},"skip":true},"60":{"start":{"line":275,"column":20},"end":{"line":284,"column":21},"skip":true},"61":{"start":{"line":277,"column":24},"end":{"line":277,"column":64},"skip":true},"62":{"start":{"line":279,"column":24},"end":{"line":279,"column":40},"skip":true},"63":{"start":{"line":281,"column":24},"end":{"line":281,"column":40},"skip":true},"64":{"start":{"line":283,"column":24},"end":{"line":283,"column":39},"skip":true},"65":{"start":{"line":288,"column":8},"end":{"line":290,"column":9},"skip":true},"66":{"start":{"line":289,"column":12},"end":{"line":289,"column":18},"skip":true},"67":{"start":{"line":291,"column":8},"end":{"line":293,"column":54},"skip":true},"68":{"start":{"line":296,"column":8},"end":{"line":301,"column":37},"skip":true},"69":{"start":{"line":303,"column":8},"end":{"line":303,"column":82},"skip":true},"70":{"start":{"line":306,"column":8},"end":{"line":308,"column":9},"skip":true},"71":{"start":{"line":307,"column":12},"end":{"line":307,"column":82},"skip":true},"72":{"start":{"line":310,"column":8},"end":{"line":312,"column":9},"skip":true},"73":{"start":{"line":311,"column":12},"end":{"line":311,"column":18},"skip":true},"74":{"start":{"line":313,"column":8},"end":{"line":313,"column":54},"skip":true},"75":{"start":{"line":314,"column":8},"end":{"line":314,"column":69},"skip":true},"76":{"start":{"line":315,"column":8},"end":{"line":323,"column":36},"skip":true},"77":{"start":{"line":316,"column":12},"end":{"line":316,"column":61},"skip":true},"78":{"start":{"line":317,"column":12},"end":{"line":320,"column":13},"skip":true},"79":{"start":{"line":318,"column":16},"end":{"line":318,"column":75},"skip":true},"80":{"start":{"line":319,"column":16},"end":{"line":319,"column":23},"skip":true},"81":{"start":{"line":321,"column":12},"end":{"line":321,"column":38},"skip":true},"82":{"start":{"line":322,"column":12},"end":{"line":322,"column":27},"skip":true},"83":{"start":{"line":324,"column":8},"end":{"line":324,"column":14},"skip":true}},"branchMap":{"1":{"line":39,"type":"binary-expr","locations":[{"start":{"line":39,"column":23},"end":{"line":39,"column":62}},{"start":{"line":40,"column":20},"end":{"line":40,"column":70}},{"start":{"line":41,"column":20},"end":{"line":41,"column":71}},{"start":{"line":42,"column":20},"end":{"line":42,"column":29}}]},"2":{"line":44,"type":"binary-expr","locations":[{"start":{"line":44,"column":23},"end":{"line":44,"column":37}},{"start":{"line":45,"column":20},"end":{"line":45,"column":61}},{"start":{"line":46,"column":20},"end":{"line":46,"column":70}},{"start":{"line":47,"column":20},"end":{"line":47,"column":26}}]},"3":{"line":51,"type":"cond-expr","locations":[{"start":{"line":52,"column":14},"end":{"line":52,"column":20}},{"start":{"line":53,"column":14},"end":{"line":53,"column":20}}]},"4":{"line":55,"type":"binary-expr","locations":[{"start":{"line":55,"column":16},"end":{"line":55,"column":44}},{"start":{"line":55,"column":49},"end":{"line":57,"column":43}}]},"5":{"line":55,"type":"cond-expr","locations":[{"start":{"line":56,"column":14},"end":{"line":56,"column":54}},{"start":{"line":57,"column":14},"end":{"line":57,"column":43}}]},"6":{"line":61,"type":"switch","locations":[{"start":{"line":68,"column":4},"end":{"line":150,"column":14},"skip":true},{"start":{"line":156,"column":4},"end":{"line":324,"column":14},"skip":true}]},"7":{"line":70,"type":"if","locations":[{"start":{"line":70,"column":12},"end":{"line":70,"column":12},"skip":true},{"start":{"line":70,"column":12},"end":{"line":70,"column":12},"skip":true}]},"8":{"line":70,"type":"binary-expr","locations":[{"start":{"line":70,"column":16},"end":{"line":70,"column":22},"skip":true},{"start":{"line":70,"column":27},"end":{"line":70,"column":32},"skip":true},{"start":{"line":71,"column":20},"end":{"line":71,"column":39},"skip":true},{"start":{"line":72,"column":20},"end":{"line":72,"column":49},"skip":true},{"start":{"line":73,"column":20},"end":{"line":73,"column":58},"skip":true},{"start":{"line":74,"column":20},"end":{"line":74,"column":69},"skip":true}]},"9":{"line":79,"type":"switch","locations":[{"start":{"line":80,"column":20},"end":{"line":80,"column":33},"skip":true},{"start":{"line":81,"column":20},"end":{"line":83,"column":30},"skip":true},{"start":{"line":84,"column":20},"end":{"line":85,"column":49},"skip":true}]},"10":{"line":89,"type":"switch","locations":[{"start":{"line":90,"column":12},"end":{"line":103,"column":22},"skip":true},{"start":{"line":105,"column":12},"end":{"line":106,"column":22},"skip":true}]},"11":{"line":89,"type":"binary-expr","locations":[{"start":{"line":89,"column":20},"end":{"line":89,"column":25},"skip":true},{"start":{"line":89,"column":29},"end":{"line":89,"column":48},"skip":true},{"start":{"line":89,"column":52},"end":{"line":89,"column":74},"skip":true}]},"12":{"line":92,"type":"if","locations":[{"start":{"line":92,"column":16},"end":{"line":92,"column":16},"skip":true},{"start":{"line":92,"column":16},"end":{"line":92,"column":16},"skip":true}]},"13":{"line":108,"type":"if","locations":[{"start":{"line":108,"column":12},"end":{"line":108,"column":12},"skip":true},{"start":{"line":108,"column":12},"end":{"line":108,"column":12},"skip":true}]},"14":{"line":108,"type":"binary-expr","locations":[{"start":{"line":108,"column":16},"end":{"line":108,"column":61},"skip":true},{"start":{"line":108,"column":66},"end":{"line":108,"column":72},"skip":true},{"start":{"line":108,"column":77},"end":{"line":108,"column":82},"skip":true},{"start":{"line":109,"column":20},"end":{"line":109,"column":39},"skip":true},{"start":{"line":110,"column":20},"end":{"line":110,"column":49},"skip":true},{"start":{"line":111,"column":20},"end":{"line":111,"column":58},"skip":true},{"start":{"line":112,"column":20},"end":{"line":112,"column":68},"skip":true}]},"15":{"line":129,"type":"if","locations":[{"start":{"line":129,"column":16},"end":{"line":129,"column":16},"skip":true},{"start":{"line":129,"column":16},"end":{"line":129,"column":16},"skip":true}]},"16":{"line":134,"type":"cond-expr","locations":[{"start":{"line":135,"column":26},"end":{"line":135,"column":29},"skip":true},{"start":{"line":136,"column":26},"end":{"line":136,"column":54},"skip":true}]},"17":{"line":164,"type":"binary-expr","locations":[{"start":{"line":164,"column":27},"end":{"line":164,"column":43},"skip":true},{"start":{"line":164,"column":47},"end":{"line":164,"column":49},"skip":true}]},"18":{"line":258,"type":"if","locations":[{"start":{"line":258,"column":8},"end":{"line":258,"column":8},"skip":true},{"start":{"line":258,"column":8},"end":{"line":258,"column":8},"skip":true}]},"19":{"line":275,"type":"switch","locations":[{"start":{"line":276,"column":20},"end":{"line":277,"column":64},"skip":true},{"start":{"line":278,"column":20},"end":{"line":279,"column":40},"skip":true},{"start":{"line":280,"column":20},"end":{"line":281,"column":40},"skip":true},{"start":{"line":282,"column":20},"end":{"line":283,"column":39},"skip":true}]},"20":{"line":288,"type":"if","locations":[{"start":{"line":288,"column":8},"end":{"line":288,"column":8},"skip":true},{"start":{"line":288,"column":8},"end":{"line":288,"column":8},"skip":true}]},"21":{"line":288,"type":"binary-expr","locations":[{"start":{"line":288,"column":12},"end":{"line":288,"column":40},"skip":true},{"start":{"line":288,"column":44},"end":{"line":288,"column":67},"skip":true}]},"22":{"line":292,"type":"binary-expr","locations":[{"start":{"line":292,"column":12},"end":{"line":292,"column":50},"skip":true},{"start":{"line":293,"column":12},"end":{"line":293,"column":53},"skip":true}]},"23":{"line":297,"type":"binary-expr","locations":[{"start":{"line":297,"column":12},"end":{"line":297,"column":68},"skip":true},{"start":{"line":298,"column":12},"end":{"line":301,"column":36},"skip":true}]},"24":{"line":303,"type":"binary-expr","locations":[{"start":{"line":303,"column":43},"end":{"line":303,"column":75},"skip":true},{"start":{"line":303,"column":79},"end":{"line":303,"column":81},"skip":true}]},"25":{"line":306,"type":"if","locations":[{"start":{"line":306,"column":8},"end":{"line":306,"column":8},"skip":true},{"start":{"line":306,"column":8},"end":{"line":306,"column":8},"skip":true}]},"26":{"line":310,"type":"if","locations":[{"start":{"line":310,"column":8},"end":{"line":310,"column":8},"skip":true},{"start":{"line":310,"column":8},"end":{"line":310,"column":8},"skip":true}]},"27":{"line":313,"type":"binary-expr","locations":[{"start":{"line":313,"column":27},"end":{"line":313,"column":43},"skip":true},{"start":{"line":313,"column":47},"end":{"line":313,"column":53},"skip":true}]},"28":{"line":317,"type":"if","locations":[{"start":{"line":317,"column":12},"end":{"line":317,"column":12},"skip":true},{"start":{"line":317,"column":12},"end":{"line":317,"column":12},"skip":true}]}},"code":["/*","example.js","","quickstart example","","instruction","    1. save this script as example.js","    2. run the shell command:","        $ npm install npmtest-xml-writer && PORT=8081 node example.js","    3. play with the browser-demo on http://127.0.0.1:8081","*/","","","","/* istanbul instrument in package npmtest_xml_writer */","/*jslint","    bitwise: true,","    browser: true,","    maxerr: 8,","    maxlen: 96,","    node: true,","    nomen: true,","    regexp: true,","    stupid: true","*/","(function () {","    'use strict';","    var local;","","","","    // run shared js-env code - pre-init","    (function () {","        // init local","        local = {};","        // init modeJs","        local.modeJs = (function () {","            try {","                return typeof navigator.userAgent === 'string' &&","                    typeof document.querySelector('body') === 'object' &&","                    typeof XMLHttpRequest.prototype.open === 'function' &&","                    'browser';","            } catch (errorCaughtBrowser) {","                return module.exports &&","                    typeof process.versions.node === 'string' &&","                    typeof require('http').createServer === 'function' &&","                    'node';","            }","        }());","        // init global","        local.global = local.modeJs === 'browser'","            ? window","            : global;","        // init utility2_rollup","        local = local.global.utility2_rollup || (local.modeJs === 'browser'","            ? local.global.utility2_npmtest_xml_writer","            : global.utility2_moduleExports);","        // export local","        local.global.local = local;","    }());","    switch (local.modeJs) {","","","","    // post-init","    // run browser js-env code - post-init","    /* istanbul ignore next */","    case 'browser':","        local.testRunBrowser = function (event) {","            if (!event || (event &&","                    event.currentTarget &&","                    event.currentTarget.className &&","                    event.currentTarget.className.includes &&","                    event.currentTarget.className.includes('onreset'))) {","                // reset output","                Array.from(","                    document.querySelectorAll('body > .resettable')","                ).forEach(function (element) {","                    switch (element.tagName) {","                    case 'INPUT':","                    case 'TEXTAREA':","                        element.value = '';","                        break;","                    default:","                        element.textContent = '';","                    }","                });","            }","            switch (event && event.currentTarget && event.currentTarget.id) {","            case 'testRunButton1':","                // show tests","                if (document.querySelector('#testReportDiv1').style.display === 'none') {","                    document.querySelector('#testReportDiv1').style.display = 'block';","                    document.querySelector('#testRunButton1').textContent =","                        'hide internal test';","                    local.modeTest = true;","                    local.testRunDefault(local);","                // hide tests","                } else {","                    document.querySelector('#testReportDiv1').style.display = 'none';","                    document.querySelector('#testRunButton1').textContent = 'run internal test';","                }","                break;","            // custom-case","            default:","                break;","            }","            if (document.querySelector('#inputTextareaEval1') && (!event || (event &&","                    event.currentTarget &&","                    event.currentTarget.className &&","                    event.currentTarget.className.includes &&","                    event.currentTarget.className.includes('oneval')))) {","                // try to eval input-code","                try {","                    /*jslint evil: true*/","                    eval(document.querySelector('#inputTextareaEval1').value);","                } catch (errorCaught) {","                    console.error(errorCaught);","                }","            }","        };","        // log stderr and stdout to #outputTextareaStdout1","        ['error', 'log'].forEach(function (key) {","            console[key + '_original'] = console[key];","            console[key] = function () {","                var element;","                console[key + '_original'].apply(console, arguments);","                element = document.querySelector('#outputTextareaStdout1');","                if (!element) {","                    return;","                }","                // append text to #outputTextareaStdout1","                element.value += Array.from(arguments).map(function (arg) {","                    return typeof arg === 'string'","                        ? arg","                        : JSON.stringify(arg, null, 4);","                }).join(' ') + '\\n';","                // scroll textarea to bottom","                element.scrollTop = element.scrollHeight;","            };","        });","        // init event-handling","        ['change', 'click', 'keyup'].forEach(function (event) {","            Array.from(document.querySelectorAll('.on' + event)).forEach(function (element) {","                element.addEventListener(event, local.testRunBrowser);","            });","        });","        // run tests","        local.testRunBrowser();","        break;","","","","    // run node js-env code - post-init","    /* istanbul ignore next */","    case 'node':","        // export local","        module.exports = local;","        // require modules","        local.fs = require('fs');","        local.http = require('http');","        local.url = require('url');","        // init assets","        local.assetsDict = local.assetsDict || {};","        /* jslint-ignore-begin */","        local.assetsDict['/assets.index.template.html'] = '\\","<!doctype html>\\n\\","<html lang=\"en\">\\n\\","<head>\\n\\","<meta charset=\"UTF-8\">\\n\\","<meta name=\"viewport\" content=\"width=device-width, initial-scale=1\">\\n\\","<title>{{env.npm_package_name}} (v{{env.npm_package_version}})</title>\\n\\","<style>\\n\\","/*csslint\\n\\","    box-sizing: false,\\n\\","    universal-selector: false\\n\\","*/\\n\\","* {\\n\\","    box-sizing: border-box;\\n\\","}\\n\\","body {\\n\\","    background: #dde;\\n\\","    font-family: Arial, Helvetica, sans-serif;\\n\\","    margin: 2rem;\\n\\","}\\n\\","body > * {\\n\\","    margin-bottom: 1rem;\\n\\","}\\n\\",".utility2FooterDiv {\\n\\","    margin-top: 20px;\\n\\","    text-align: center;\\n\\","}\\n\\","</style>\\n\\","<style>\\n\\","/*csslint\\n\\","*/\\n\\","textarea {\\n\\","    font-family: monospace;\\n\\","    height: 10rem;\\n\\","    width: 100%;\\n\\","}\\n\\","textarea[readonly] {\\n\\","    background: #ddd;\\n\\","}\\n\\","</style>\\n\\","</head>\\n\\","<body>\\n\\","<!-- utility2-comment\\n\\","<div id=\"ajaxProgressDiv1\" style=\"background: #d00; height: 2px; left: 0; margin: 0; padding: 0; position: fixed; top: 0; transition: background 0.5s, width 1.5s; width: 25%;\"></div>\\n\\","utility2-comment -->\\n\\","<h1>\\n\\","<!-- utility2-comment\\n\\","    <a\\n\\","        {{#if env.npm_package_homepage}}\\n\\","        href=\"{{env.npm_package_homepage}}\"\\n\\","        {{/if env.npm_package_homepage}}\\n\\","        target=\"_blank\"\\n\\","    >\\n\\","utility2-comment -->\\n\\","        {{env.npm_package_name}} (v{{env.npm_package_version}})\\n\\","<!-- utility2-comment\\n\\","    </a>\\n\\","utility2-comment -->\\n\\","</h1>\\n\\","<h3>{{env.npm_package_description}}</h3>\\n\\","<!-- utility2-comment\\n\\","<h4><a download href=\"assets.app.js\">download standalone app</a></h4>\\n\\","<button class=\"onclick onreset\" id=\"testRunButton1\">run internal test</button><br>\\n\\","<div id=\"testReportDiv1\" style=\"display: none;\"></div>\\n\\","utility2-comment -->\\n\\","\\n\\","\\n\\","\\n\\","<label>stderr and stdout</label>\\n\\","<textarea class=\"resettable\" id=\"outputTextareaStdout1\" readonly></textarea>\\n\\","<!-- utility2-comment\\n\\","{{#if isRollup}}\\n\\","<script src=\"assets.app.js\"></script>\\n\\","{{#unless isRollup}}\\n\\","utility2-comment -->\\n\\","<script src=\"assets.utility2.rollup.js\"></script>\\n\\","<script src=\"jsonp.utility2._stateInit?callback=window.utility2._stateInit\"></script>\\n\\","<script src=\"assets.npmtest_xml_writer.rollup.js\"></script>\\n\\","<script src=\"assets.example.js\"></script>\\n\\","<script src=\"assets.test.js\"></script>\\n\\","<!-- utility2-comment\\n\\","{{/if isRollup}}\\n\\","utility2-comment -->\\n\\","<div class=\"utility2FooterDiv\">\\n\\","    [ this app was created with\\n\\","    <a href=\"https://github.com/kaizhu256/node-utility2\" target=\"_blank\">utility2</a>\\n\\","    ]\\n\\","</div>\\n\\","</body>\\n\\","</html>\\n\\","';","        /* jslint-ignore-end */","        if (local.templateRender) {","            local.assetsDict['/'] = local.templateRender(","                local.assetsDict['/assets.index.template.html'],","                {","                    env: local.objectSetDefault(local.env, {","                        npm_package_description: 'the greatest app in the world!',","                        npm_package_name: 'my-app',","                        npm_package_nameAlias: 'my_app',","                        npm_package_version: '0.0.1'","                    })","                }","            );","        } else {","            local.assetsDict['/'] = local.assetsDict['/assets.index.template.html']","                .replace((/\\{\\{env\\.(\\w+?)\\}\\}/g), function (match0, match1) {","                    // jslint-hack","                    String(match0);","                    switch (match1) {","                    case 'npm_package_description':","                        return 'the greatest app in the world!';","                    case 'npm_package_name':","                        return 'my-app';","                    case 'npm_package_nameAlias':","                        return 'my_app';","                    case 'npm_package_version':","                        return '0.0.1';","                    }","                });","        }","        // run the cli","        if (local.global.utility2_rollup || module !== require.main) {","            break;","        }","        local.assetsDict['/assets.example.js'] =","            local.assetsDict['/assets.example.js'] ||","            local.fs.readFileSync(__filename, 'utf8');","        // bug-workaround - long $npm_package_buildCustomOrg","        /* jslint-ignore-begin */","        local.assetsDict['/assets.npmtest_xml_writer.rollup.js'] =","            local.assetsDict['/assets.npmtest_xml_writer.rollup.js'] ||","            local.fs.readFileSync(","                local.npmtest_xml_writer.__dirname + '/lib.npmtest_xml_writer.js',","                'utf8'","            ).replace((/^#!/), '//');","        /* jslint-ignore-end */","        local.assetsDict['/favicon.ico'] = local.assetsDict['/favicon.ico'] || '';","        // if $npm_config_timeout_exit exists,","        // then exit this process after $npm_config_timeout_exit ms","        if (Number(process.env.npm_config_timeout_exit)) {","            setTimeout(process.exit, Number(process.env.npm_config_timeout_exit));","        }","        // start server","        if (local.global.utility2_serverHttp1) {","            break;","        }","        process.env.PORT = process.env.PORT || '8081';","        console.error('server starting on port ' + process.env.PORT);","        local.http.createServer(function (request, response) {","            request.urlParsed = local.url.parse(request.url);","            if (local.assetsDict[request.urlParsed.pathname] !== undefined) {","                response.end(local.assetsDict[request.urlParsed.pathname]);","                return;","            }","            response.statusCode = 404;","            response.end();","        }).listen(process.env.PORT);","        break;","    }","}());",""],"l":{"26":2,"28":2,"33":2,"35":2,"37":2,"38":2,"39":2,"44":1,"51":2,"55":2,"59":2,"61":2,"69":1,"70":2,"76":2,"79":2,"82":2,"83":2,"85":1,"89":2,"92":1,"93":1,"94":1,"96":1,"97":1,"100":1,"101":1,"103":1,"106":1,"108":2,"114":1,"116":1,"118":1,"123":1,"124":2,"125":2,"126":3,"127":3,"128":3,"129":3,"130":1,"133":3,"134":3,"139":3,"143":1,"144":3,"145":1,"149":1,"150":1,"158":1,"160":1,"161":1,"162":1,"164":1,"166":1,"258":1,"259":1,"271":1,"274":6,"275":6,"277":1,"279":2,"281":1,"283":2,"288":1,"289":1,"291":1,"296":1,"303":1,"306":1,"307":1,"310":1,"311":1,"313":1,"314":1,"315":1,"316":1,"317":1,"318":1,"319":1,"321":1,"322":1,"324":1}},"/home/travis/build/npmtest/node-npmtest-xml-writer/node_modules/xml-writer/index.js":{"path":"/home/travis/build/npmtest/node-npmtest-xml-writer/node_modules/xml-writer/index.js","s":{"1":1},"b":{},"f":{},"fnMap":{},"statementMap":{"1":{"start":{"line":1,"column":0},"end":{"line":1,"column":48}}},"branchMap":{},"code":["module.exports = require('./lib/xml-writer.js');",""],"l":{"1":1}},"/home/travis/build/npmtest/node-npmtest-xml-writer/node_modules/xml-writer/lib/xml-writer.js":{"path":"/home/travis/build/npmtest/node-npmtest-xml-writer/node_modules/xml-writer/lib/xml-writer.js","s":{"1":1,"2":0,"3":1,"4":0,"5":0,"6":0,"7":0,"8":0,"9":0,"10":0,"11":0,"12":0,"13":1,"14":0,"15":0,"16":0,"17":0,"18":0,"19":0,"20":0,"21":0,"22":0,"23":0,"24":0,"25":0,"26":0,"27":0,"28":0,"29":0,"30":0,"31":0,"32":0,"33":0,"34":0,"35":0,"36":0,"37":1,"38":0,"39":0,"40":0,"41":0,"42":0,"43":0,"44":0,"45":0,"46":0,"47":0,"48":0,"49":0,"50":0,"51":0,"52":0,"53":0,"54":0,"55":0,"56":0,"57":0,"58":0,"59":0,"60":0,"61":0,"62":0,"63":0,"64":0,"65":0,"66":0,"67":0,"68":0,"69":0,"70":0,"71":0,"72":0,"73":0,"74":0,"75":0,"76":0,"77":0,"78":0,"79":0,"80":0,"81":0,"82":0,"83":0,"84":0,"85":0,"86":0,"87":0,"88":0,"89":0,"90":0,"91":0,"92":0,"93":0,"94":0,"95":0,"96":0,"97":0,"98":0,"99":0,"100":0,"101":0,"102":0,"103":0,"104":0,"105":0,"106":0,"107":0,"108":0,"109":0,"110":0,"111":0,"112":0,"113":0,"114":0,"115":0,"116":0,"117":0,"118":0,"119":0,"120":0,"121":0,"122":0,"123":0,"124":0,"125":0,"126":0,"127":0,"128":0,"129":0,"130":0,"131":0,"132":0,"133":0,"134":0,"135":0,"136":0,"137":0,"138":0,"139":0,"140":0,"141":0,"142":0,"143":0,"144":0,"145":0,"146":0,"147":0,"148":0,"149":0,"150":0,"151":0,"152":0,"153":0,"154":0,"155":0,"156":0,"157":0,"158":0,"159":0,"160":0,"161":0,"162":0,"163":0,"164":0,"165":0,"166":0,"167":0,"168":0,"169":0,"170":0,"171":0,"172":0,"173":0,"174":0,"175":0,"176":0,"177":0,"178":0,"179":0,"180":0,"181":0,"182":0,"183":0,"184":0,"185":0,"186":0,"187":0,"188":0,"189":0,"190":0,"191":0,"192":0,"193":0,"194":0,"195":0,"196":0,"197":0,"198":0,"199":0,"200":0,"201":0,"202":0,"203":0,"204":0,"205":0,"206":0,"207":0,"208":0,"209":0,"210":0,"211":0,"212":0,"213":0,"214":0,"215":0,"216":0,"217":0,"218":0,"219":0,"220":0,"221":0,"222":0,"223":0,"224":0,"225":0,"226":0,"227":0,"228":0,"229":0,"230":0,"231":0,"232":0,"233":0,"234":0,"235":0,"236":0,"237":0,"238":0,"239":0,"240":0,"241":0,"242":0,"243":0,"244":0,"245":0,"246":0,"247":0,"248":0,"249":0,"250":0,"251":0,"252":0,"253":0,"254":0,"255":0,"256":0,"257":0,"258":0,"259":0,"260":0,"261":0,"262":0,"263":0,"264":0,"265":0,"266":0,"267":0,"268":0,"269":0,"270":0,"271":0,"272":0,"273":0,"274":0,"275":0,"276":0,"277":0,"278":0,"279":0,"280":0,"281":0,"282":0,"283":0,"284":0,"285":0,"286":1},"b":{"1":[0,0],"2":[0,0],"3":[0,0],"4":[0,0],"5":[0,0],"6":[0,0],"7":[0,0],"8":[0,0],"9":[0,0],"10":[0,0],"11":[0,0],"12":[0,0],"13":[0,0],"14":[0,0],"15":[0,0],"16":[0,0],"17":[0,0],"18":[0,0],"19":[0,0],"20":[0,0],"21":[0,0],"22":[0,0,0],"23":[0,0],"24":[0,0],"25":[0,0],"26":[0,0],"27":[0,0],"28":[0,0],"29":[0,0],"30":[0,0],"31":[0,0],"32":[0,0],"33":[0,0],"34":[0,0],"35":[0,0],"36":[0,0],"37":[0,0],"38":[0,0],"39":[0,0],"40":[0,0],"41":[0,0],"42":[0,0],"43":[0,0],"44":[0,0],"45":[0,0],"46":[0,0],"47":[0,0],"48":[0,0],"49":[0,0],"50":[0,0],"51":[0,0],"52":[0,0],"53":[0,0],"54":[0,0,0,0],"55":[0,0],"56":[0,0],"57":[0,0],"58":[0,0],"59":[0,0],"60":[0,0],"61":[0,0],"62":[0,0],"63":[0,0],"64":[0,0],"65":[0,0],"66":[0,0],"67":[0,0],"68":[0,0],"69":[0,0],"70":[0,0],"71":[0,0],"72":[0,0],"73":[0,0],"74":[0,0],"75":[0,0],"76":[0,0],"77":[0,0],"78":[0,0],"79":[0,0],"80":[0,0],"81":[0,0],"82":[0,0],"83":[0,0],"84":[0,0],"85":[0,0],"86":[0,0],"87":[0,0],"88":[0,0],"89":[0,0],"90":[0,0],"91":[0,0,0,0],"92":[0,0],"93":[0,0],"94":[0,0],"95":[0,0]},"f":{"1":0,"2":0,"3":0,"4":0,"5":0,"6":0,"7":0,"8":0,"9":0,"10":0,"11":0,"12":0,"13":0,"14":0,"15":0,"16":0,"17":0,"18":0,"19":0,"20":0,"21":0,"22":0,"23":0,"24":0,"25":0,"26":0,"27":0,"28":0,"29":0,"30":0,"31":0,"32":0,"33":0,"34":0,"35":0,"36":0},"fnMap":{"1":{"name":"isFalse","line":2,"loc":{"start":{"line":2,"column":0},"end":{"line":2,"column":20}}},"2":{"name":"strval","line":6,"loc":{"start":{"line":6,"column":0},"end":{"line":6,"column":19}}},"3":{"name":"XMLWriter","line":22,"loc":{"start":{"line":22,"column":0},"end":{"line":22,"column":37}}},"4":{"name":"(anonymous_4)","line":49,"loc":{"start":{"line":49,"column":22},"end":{"line":49,"column":38}}},"5":{"name":"(anonymous_5)","line":56,"loc":{"start":{"line":56,"column":15},"end":{"line":56,"column":27}}},"6":{"name":"(anonymous_6)","line":61,"loc":{"start":{"line":61,"column":15},"end":{"line":61,"column":27}}},"7":{"name":"(anonymous_7)","line":70,"loc":{"start":{"line":70,"column":12},"end":{"line":70,"column":24}}},"8":{"name":"(anonymous_8)","line":77,"loc":{"start":{"line":77,"column":12},"end":{"line":77,"column":24}}},"9":{"name":"(anonymous_9)","line":84,"loc":{"start":{"line":84,"column":20},"end":{"line":84,"column":61}}},"10":{"name":"(anonymous_10)","line":109,"loc":{"start":{"line":109,"column":18},"end":{"line":109,"column":30}}},"11":{"name":"(anonymous_11)","line":114,"loc":{"start":{"line":114,"column":19},"end":{"line":114,"column":44}}},"12":{"name":"(anonymous_12)","line":118,"loc":{"start":{"line":118,"column":21},"end":{"line":118,"column":59}}},"13":{"name":"(anonymous_13)","line":125,"loc":{"start":{"line":125,"column":19},"end":{"line":125,"column":35}}},"14":{"name":"(anonymous_14)","line":145,"loc":{"start":{"line":145,"column":21},"end":{"line":145,"column":50}}},"15":{"name":"(anonymous_15)","line":168,"loc":{"start":{"line":168,"column":17},"end":{"line":168,"column":29}}},"16":{"name":"(anonymous_16)","line":187,"loc":{"start":{"line":187,"column":21},"end":{"line":187,"column":46}}},"17":{"name":"(anonymous_17)","line":196,"loc":{"start":{"line":196,"column":23},"end":{"line":196,"column":61}}},"18":{"name":"(anonymous_18)","line":209,"loc":{"start":{"line":209,"column":22},"end":{"line":209,"column":34}}},"19":{"name":"(anonymous_19)","line":214,"loc":{"start":{"line":214,"column":20},"end":{"line":214,"column":32}}},"20":{"name":"(anonymous_20)","line":224,"loc":{"start":{"line":224,"column":21},"end":{"line":224,"column":37}}},"21":{"name":"(anonymous_21)","line":233,"loc":{"start":{"line":233,"column":23},"end":{"line":233,"column":52}}},"22":{"name":"(anonymous_22)","line":245,"loc":{"start":{"line":245,"column":19},"end":{"line":245,"column":31}}},"23":{"name":"(anonymous_23)","line":253,"loc":{"start":{"line":253,"column":11},"end":{"line":253,"column":30}}},"24":{"name":"(anonymous_24)","line":281,"loc":{"start":{"line":281,"column":19},"end":{"line":281,"column":38}}},"25":{"name":"(anonymous_25)","line":285,"loc":{"start":{"line":285,"column":19},"end":{"line":285,"column":31}}},"26":{"name":"(anonymous_26)","line":295,"loc":{"start":{"line":295,"column":17},"end":{"line":295,"column":29}}},"27":{"name":"(anonymous_27)","line":302,"loc":{"start":{"line":302,"column":19},"end":{"line":302,"column":57}}},"28":{"name":"(anonymous_28)","line":306,"loc":{"start":{"line":306,"column":19},"end":{"line":306,"column":57}}},"29":{"name":"(anonymous_29)","line":331,"loc":{"start":{"line":331,"column":17},"end":{"line":331,"column":29}}},"30":{"name":"(anonymous_30)","line":337,"loc":{"start":{"line":337,"column":14},"end":{"line":337,"column":39}}},"31":{"name":"(anonymous_31)","line":341,"loc":{"start":{"line":341,"column":14},"end":{"line":341,"column":30}}},"32":{"name":"(anonymous_32)","line":353,"loc":{"start":{"line":353,"column":12},"end":{"line":353,"column":24}}},"33":{"name":"(anonymous_33)","line":360,"loc":{"start":{"line":360,"column":17},"end":{"line":360,"column":36}}},"34":{"name":"(anonymous_34)","line":364,"loc":{"start":{"line":364,"column":17},"end":{"line":364,"column":29}}},"35":{"name":"(anonymous_35)","line":374,"loc":{"start":{"line":374,"column":15},"end":{"line":374,"column":27}}},"36":{"name":"(anonymous_36)","line":381,"loc":{"start":{"line":381,"column":15},"end":{"line":381,"column":33}}}},"statementMap":{"1":{"start":{"line":2,"column":0},"end":{"line":4,"column":1}},"2":{"start":{"line":3,"column":2},"end":{"line":3,"column":37}},"3":{"start":{"line":6,"column":0},"end":{"line":20,"column":1}},"4":{"start":{"line":7,"column":2},"end":{"line":19,"column":36}},"5":{"start":{"line":8,"column":4},"end":{"line":8,"column":13}},"6":{"start":{"line":10,"column":7},"end":{"line":19,"column":36}},"7":{"start":{"line":11,"column":4},"end":{"line":11,"column":16}},"8":{"start":{"line":13,"column":7},"end":{"line":19,"column":36}},"9":{"start":{"line":14,"column":4},"end":{"line":14,"column":15}},"10":{"start":{"line":16,"column":7},"end":{"line":19,"column":36}},"11":{"start":{"line":17,"column":4},"end":{"line":17,"column":24}},"12":{"start":{"line":19,"column":7},"end":{"line":19,"column":36}},"13":{"start":{"line":22,"column":0},"end":{"line":53,"column":1}},"14":{"start":{"line":24,"column":4},"end":{"line":26,"column":5}},"15":{"start":{"line":25,"column":8},"end":{"line":25,"column":31}},"16":{"start":{"line":28,"column":4},"end":{"line":28,"column":51}},"17":{"start":{"line":29,"column":4},"end":{"line":29,"column":40}},"18":{"start":{"line":30,"column":4},"end":{"line":30,"column":84}},"19":{"start":{"line":31,"column":4},"end":{"line":31,"column":21}},"20":{"start":{"line":32,"column":4},"end":{"line":32,"column":20}},"21":{"start":{"line":33,"column":4},"end":{"line":33,"column":18}},"22":{"start":{"line":34,"column":4},"end":{"line":34,"column":24}},"23":{"start":{"line":35,"column":4},"end":{"line":35,"column":23}},"24":{"start":{"line":36,"column":4},"end":{"line":36,"column":19}},"25":{"start":{"line":37,"column":4},"end":{"line":37,"column":21}},"26":{"start":{"line":38,"column":4},"end":{"line":38,"column":17}},"27":{"start":{"line":39,"column":4},"end":{"line":39,"column":19}},"28":{"start":{"line":40,"column":4},"end":{"line":40,"column":16}},"29":{"start":{"line":41,"column":4},"end":{"line":41,"column":19}},"30":{"start":{"line":42,"column":4},"end":{"line":42,"column":31}},"31":{"start":{"line":43,"column":4},"end":{"line":43,"column":16}},"32":{"start":{"line":44,"column":4},"end":{"line":44,"column":35}},"33":{"start":{"line":46,"column":4},"end":{"line":52,"column":5}},"34":{"start":{"line":47,"column":8},"end":{"line":47,"column":31}},"35":{"start":{"line":49,"column":8},"end":{"line":51,"column":9}},"36":{"start":{"line":50,"column":12},"end":{"line":50,"column":29}},"37":{"start":{"line":55,"column":0},"end":{"line":397,"column":1}},"38":{"start":{"line":57,"column":8},"end":{"line":57,"column":21}},"39":{"start":{"line":58,"column":8},"end":{"line":58,"column":27}},"40":{"start":{"line":62,"column":6},"end":{"line":67,"column":7}},"41":{"start":{"line":63,"column":8},"end":{"line":63,"column":25}},"42":{"start":{"line":64,"column":8},"end":{"line":66,"column":9}},"43":{"start":{"line":65,"column":10},"end":{"line":65,"column":40}},"44":{"start":{"line":71,"column":8},"end":{"line":73,"column":9}},"45":{"start":{"line":72,"column":12},"end":{"line":72,"column":60}},"46":{"start":{"line":78,"column":8},"end":{"line":80,"column":9}},"47":{"start":{"line":79,"column":12},"end":{"line":79,"column":30}},"48":{"start":{"line":81,"column":8},"end":{"line":81,"column":22}},"49":{"start":{"line":85,"column":8},"end":{"line":85,"column":54}},"50":{"start":{"line":85,"column":42},"end":{"line":85,"column":54}},"51":{"start":{"line":87,"column":8},"end":{"line":87,"column":28}},"52":{"start":{"line":88,"column":8},"end":{"line":88,"column":39}},"53":{"start":{"line":89,"column":8},"end":{"line":89,"column":64}},"54":{"start":{"line":90,"column":8},"end":{"line":90,"column":28}},"55":{"start":{"line":91,"column":8},"end":{"line":96,"column":9}},"56":{"start":{"line":92,"column":12},"end":{"line":92,"column":44}},"57":{"start":{"line":93,"column":12},"end":{"line":93,"column":32}},"58":{"start":{"line":94,"column":12},"end":{"line":94,"column":32}},"59":{"start":{"line":95,"column":12},"end":{"line":95,"column":44}},"60":{"start":{"line":97,"column":8},"end":{"line":101,"column":9}},"61":{"start":{"line":98,"column":12},"end":{"line":98,"column":46}},"62":{"start":{"line":99,"column":12},"end":{"line":99,"column":29}},"63":{"start":{"line":100,"column":12},"end":{"line":100,"column":32}},"64":{"start":{"line":102,"column":8},"end":{"line":102,"column":21}},"65":{"start":{"line":103,"column":8},"end":{"line":105,"column":9}},"66":{"start":{"line":104,"column":10},"end":{"line":104,"column":27}},"67":{"start":{"line":106,"column":8},"end":{"line":106,"column":20}},"68":{"start":{"line":110,"column":8},"end":{"line":110,"column":50}},"69":{"start":{"line":110,"column":29},"end":{"line":110,"column":50}},"70":{"start":{"line":111,"column":8},"end":{"line":111,"column":20}},"71":{"start":{"line":115,"column":8},"end":{"line":115,"column":66}},"72":{"start":{"line":119,"column":8},"end":{"line":121,"column":9}},"73":{"start":{"line":120,"column":12},"end":{"line":120,"column":26}},"74":{"start":{"line":122,"column":8},"end":{"line":122,"column":81}},"75":{"start":{"line":126,"column":8},"end":{"line":126,"column":28}},"76":{"start":{"line":127,"column":8},"end":{"line":127,"column":75}},"77":{"start":{"line":127,"column":42},"end":{"line":127,"column":75}},"78":{"start":{"line":128,"column":8},"end":{"line":128,"column":97}},"79":{"start":{"line":128,"column":64},"end":{"line":128,"column":97}},"80":{"start":{"line":129,"column":8},"end":{"line":129,"column":50}},"81":{"start":{"line":129,"column":29},"end":{"line":129,"column":50}},"82":{"start":{"line":130,"column":8},"end":{"line":130,"column":20}},"83":{"start":{"line":131,"column":8},"end":{"line":131,"column":23}},"84":{"start":{"line":132,"column":8},"end":{"line":133,"column":61}},"85":{"start":{"line":133,"column":10},"end":{"line":133,"column":61}},"86":{"start":{"line":135,"column":8},"end":{"line":138,"column":11}},"87":{"start":{"line":139,"column":8},"end":{"line":139,"column":48}},"88":{"start":{"line":139,"column":32},"end":{"line":139,"column":48}},"89":{"start":{"line":140,"column":8},"end":{"line":140,"column":30}},"90":{"start":{"line":141,"column":8},"end":{"line":141,"column":31}},"91":{"start":{"line":142,"column":8},"end":{"line":142,"column":34}},"92":{"start":{"line":143,"column":8},"end":{"line":143,"column":20}},"93":{"start":{"line":146,"column":8},"end":{"line":146,"column":32}},"94":{"start":{"line":147,"column":8},"end":{"line":147,"column":28}},"95":{"start":{"line":149,"column":8},"end":{"line":149,"column":77}},"96":{"start":{"line":149,"column":44},"end":{"line":149,"column":77}},"97":{"start":{"line":150,"column":8},"end":{"line":150,"column":75}},"98":{"start":{"line":150,"column":42},"end":{"line":150,"column":75}},"99":{"start":{"line":151,"column":8},"end":{"line":151,"column":50}},"100":{"start":{"line":151,"column":29},"end":{"line":151,"column":50}},"101":{"start":{"line":152,"column":8},"end":{"line":152,"column":20}},"102":{"start":{"line":153,"column":8},"end":{"line":153,"column":23}},"103":{"start":{"line":154,"column":8},"end":{"line":155,"column":61}},"104":{"start":{"line":155,"column":10},"end":{"line":155,"column":61}},"105":{"start":{"line":157,"column":8},"end":{"line":160,"column":11}},"106":{"start":{"line":161,"column":8},"end":{"line":161,"column":48}},"107":{"start":{"line":161,"column":32},"end":{"line":161,"column":48}},"108":{"start":{"line":162,"column":8},"end":{"line":162,"column":45}},"109":{"start":{"line":163,"column":8},"end":{"line":163,"column":31}},"110":{"start":{"line":164,"column":8},"end":{"line":164,"column":34}},"111":{"start":{"line":165,"column":8},"end":{"line":165,"column":20}},"112":{"start":{"line":169,"column":8},"end":{"line":169,"column":36}},"113":{"start":{"line":169,"column":24},"end":{"line":169,"column":36}},"114":{"start":{"line":170,"column":8},"end":{"line":170,"column":33}},"115":{"start":{"line":171,"column":8},"end":{"line":181,"column":9}},"116":{"start":{"line":172,"column":12},"end":{"line":175,"column":13}},"117":{"start":{"line":173,"column":16},"end":{"line":173,"column":52}},"118":{"start":{"line":173,"column":32},"end":{"line":173,"column":52}},"119":{"start":{"line":174,"column":16},"end":{"line":174,"column":36}},"120":{"start":{"line":176,"column":12},"end":{"line":176,"column":28}},"121":{"start":{"line":177,"column":12},"end":{"line":177,"column":33}},"122":{"start":{"line":179,"column":12},"end":{"line":179,"column":47}},"123":{"start":{"line":179,"column":31},"end":{"line":179,"column":47}},"124":{"start":{"line":180,"column":12},"end":{"line":180,"column":42}},"125":{"start":{"line":182,"column":8},"end":{"line":182,"column":20}},"126":{"start":{"line":183,"column":8},"end":{"line":183,"column":23}},"127":{"start":{"line":184,"column":8},"end":{"line":184,"column":20}},"128":{"start":{"line":188,"column":8},"end":{"line":190,"column":9}},"129":{"start":{"line":189,"column":10},"end":{"line":189,"column":30}},"130":{"start":{"line":191,"column":8},"end":{"line":193,"column":9}},"131":{"start":{"line":192,"column":11},"end":{"line":192,"column":23}},"132":{"start":{"line":194,"column":8},"end":{"line":194,"column":70}},"133":{"start":{"line":197,"column":8},"end":{"line":199,"column":9}},"134":{"start":{"line":198,"column":12},"end":{"line":198,"column":26}},"135":{"start":{"line":200,"column":8},"end":{"line":202,"column":9}},"136":{"start":{"line":201,"column":10},"end":{"line":201,"column":30}},"137":{"start":{"line":203,"column":8},"end":{"line":205,"column":9}},"138":{"start":{"line":204,"column":10},"end":{"line":204,"column":22}},"139":{"start":{"line":206,"column":8},"end":{"line":206,"column":85}},"140":{"start":{"line":210,"column":8},"end":{"line":210,"column":28}},"141":{"start":{"line":211,"column":8},"end":{"line":211,"column":20}},"142":{"start":{"line":215,"column":8},"end":{"line":215,"column":42}},"143":{"start":{"line":215,"column":30},"end":{"line":215,"column":42}},"144":{"start":{"line":216,"column":8},"end":{"line":216,"column":48}},"145":{"start":{"line":216,"column":28},"end":{"line":216,"column":48}},"146":{"start":{"line":217,"column":8},"end":{"line":217,"column":28}},"147":{"start":{"line":218,"column":8},"end":{"line":218,"column":27}},"148":{"start":{"line":219,"column":8},"end":{"line":219,"column":23}},"149":{"start":{"line":220,"column":8},"end":{"line":220,"column":24}},"150":{"start":{"line":221,"column":8},"end":{"line":221,"column":20}},"151":{"start":{"line":225,"column":8},"end":{"line":225,"column":28}},"152":{"start":{"line":226,"column":8},"end":{"line":226,"column":75}},"153":{"start":{"line":226,"column":42},"end":{"line":226,"column":75}},"154":{"start":{"line":227,"column":8},"end":{"line":227,"column":54}},"155":{"start":{"line":227,"column":42},"end":{"line":227,"column":54}},"156":{"start":{"line":228,"column":8},"end":{"line":228,"column":40}},"157":{"start":{"line":228,"column":28},"end":{"line":228,"column":40}},"158":{"start":{"line":229,"column":8},"end":{"line":229,"column":27}},"159":{"start":{"line":230,"column":8},"end":{"line":230,"column":36}},"160":{"start":{"line":231,"column":8},"end":{"line":231,"column":20}},"161":{"start":{"line":234,"column":8},"end":{"line":234,"column":32}},"162":{"start":{"line":235,"column":8},"end":{"line":235,"column":28}},"163":{"start":{"line":237,"column":8},"end":{"line":237,"column":77}},"164":{"start":{"line":237,"column":44},"end":{"line":237,"column":77}},"165":{"start":{"line":238,"column":8},"end":{"line":238,"column":75}},"166":{"start":{"line":238,"column":42},"end":{"line":238,"column":75}},"167":{"start":{"line":239,"column":8},"end":{"line":239,"column":54}},"168":{"start":{"line":239,"column":42},"end":{"line":239,"column":54}},"169":{"start":{"line":240,"column":8},"end":{"line":240,"column":40}},"170":{"start":{"line":240,"column":28},"end":{"line":240,"column":40}},"171":{"start":{"line":241,"column":8},"end":{"line":241,"column":27}},"172":{"start":{"line":242,"column":8},"end":{"line":242,"column":51}},"173":{"start":{"line":243,"column":8},"end":{"line":243,"column":20}},"174":{"start":{"line":246,"column":8},"end":{"line":246,"column":41}},"175":{"start":{"line":246,"column":29},"end":{"line":246,"column":41}},"176":{"start":{"line":247,"column":8},"end":{"line":247,"column":27}},"177":{"start":{"line":248,"column":8},"end":{"line":248,"column":23}},"178":{"start":{"line":249,"column":8},"end":{"line":249,"column":24}},"179":{"start":{"line":250,"column":8},"end":{"line":250,"column":20}},"180":{"start":{"line":254,"column":8},"end":{"line":254,"column":34}},"181":{"start":{"line":255,"column":8},"end":{"line":255,"column":80}},"182":{"start":{"line":255,"column":68},"end":{"line":255,"column":80}},"183":{"start":{"line":256,"column":8},"end":{"line":269,"column":9}},"184":{"start":{"line":257,"column":12},"end":{"line":257,"column":25}},"185":{"start":{"line":258,"column":12},"end":{"line":265,"column":24}},"186":{"start":{"line":266,"column":12},"end":{"line":266,"column":24}},"187":{"start":{"line":267,"column":15},"end":{"line":269,"column":9}},"188":{"start":{"line":268,"column":12},"end":{"line":268,"column":33}},"189":{"start":{"line":270,"column":8},"end":{"line":275,"column":9}},"190":{"start":{"line":271,"column":12},"end":{"line":271,"column":32}},"191":{"start":{"line":274,"column":10},"end":{"line":274,"column":97}},"192":{"start":{"line":276,"column":8},"end":{"line":276,"column":21}},"193":{"start":{"line":277,"column":8},"end":{"line":277,"column":34}},"194":{"start":{"line":278,"column":8},"end":{"line":278,"column":20}},"195":{"start":{"line":282,"column":8},"end":{"line":282,"column":62}},"196":{"start":{"line":286,"column":8},"end":{"line":286,"column":38}},"197":{"start":{"line":286,"column":26},"end":{"line":286,"column":38}},"198":{"start":{"line":287,"column":8},"end":{"line":287,"column":50}},"199":{"start":{"line":287,"column":29},"end":{"line":287,"column":50}},"200":{"start":{"line":288,"column":8},"end":{"line":288,"column":24}},"201":{"start":{"line":289,"column":8},"end":{"line":289,"column":27}},"202":{"start":{"line":290,"column":8},"end":{"line":290,"column":25}},"203":{"start":{"line":291,"column":8},"end":{"line":291,"column":34}},"204":{"start":{"line":292,"column":8},"end":{"line":292,"column":20}},"205":{"start":{"line":296,"column":8},"end":{"line":296,"column":39}},"206":{"start":{"line":296,"column":27},"end":{"line":296,"column":39}},"207":{"start":{"line":297,"column":8},"end":{"line":297,"column":26}},"208":{"start":{"line":298,"column":8},"end":{"line":298,"column":25}},"209":{"start":{"line":299,"column":8},"end":{"line":299,"column":20}},"210":{"start":{"line":303,"column":8},"end":{"line":303,"column":73}},"211":{"start":{"line":307,"column":8},"end":{"line":307,"column":47}},"212":{"start":{"line":307,"column":35},"end":{"line":307,"column":47}},"213":{"start":{"line":309,"column":8},"end":{"line":309,"column":28}},"214":{"start":{"line":310,"column":8},"end":{"line":310,"column":46}},"215":{"start":{"line":311,"column":8},"end":{"line":311,"column":46}},"216":{"start":{"line":312,"column":8},"end":{"line":312,"column":50}},"217":{"start":{"line":314,"column":8},"end":{"line":314,"column":75}},"218":{"start":{"line":314,"column":42},"end":{"line":314,"column":75}},"219":{"start":{"line":315,"column":8},"end":{"line":315,"column":96}},"220":{"start":{"line":315,"column":63},"end":{"line":315,"column":96}},"221":{"start":{"line":316,"column":8},"end":{"line":316,"column":94}},"222":{"start":{"line":316,"column":61},"end":{"line":316,"column":94}},"223":{"start":{"line":317,"column":8},"end":{"line":317,"column":107}},"224":{"start":{"line":317,"column":74},"end":{"line":317,"column":107}},"225":{"start":{"line":319,"column":8},"end":{"line":319,"column":77}},"226":{"start":{"line":320,"column":8},"end":{"line":320,"column":48}},"227":{"start":{"line":321,"column":8},"end":{"line":321,"column":50}},"228":{"start":{"line":323,"column":8},"end":{"line":323,"column":48}},"229":{"start":{"line":323,"column":32},"end":{"line":323,"column":48}},"230":{"start":{"line":324,"column":8},"end":{"line":324,"column":61}},"231":{"start":{"line":325,"column":8},"end":{"line":325,"column":25}},"232":{"start":{"line":326,"column":8},"end":{"line":326,"column":21}},"233":{"start":{"line":327,"column":8},"end":{"line":327,"column":34}},"234":{"start":{"line":328,"column":8},"end":{"line":328,"column":20}},"235":{"start":{"line":332,"column":8},"end":{"line":332,"column":35}},"236":{"start":{"line":332,"column":23},"end":{"line":332,"column":35}},"237":{"start":{"line":333,"column":8},"end":{"line":333,"column":24}},"238":{"start":{"line":334,"column":8},"end":{"line":334,"column":20}},"239":{"start":{"line":338,"column":8},"end":{"line":338,"column":55}},"240":{"start":{"line":342,"column":8},"end":{"line":342,"column":28}},"241":{"start":{"line":343,"column":8},"end":{"line":343,"column":75}},"242":{"start":{"line":343,"column":42},"end":{"line":343,"column":75}},"243":{"start":{"line":344,"column":8},"end":{"line":344,"column":33}},"244":{"start":{"line":344,"column":21},"end":{"line":344,"column":33}},"245":{"start":{"line":345,"column":8},"end":{"line":345,"column":50}},"246":{"start":{"line":345,"column":29},"end":{"line":345,"column":50}},"247":{"start":{"line":346,"column":8},"end":{"line":346,"column":48}},"248":{"start":{"line":346,"column":32},"end":{"line":346,"column":48}},"249":{"start":{"line":347,"column":8},"end":{"line":347,"column":31}},"250":{"start":{"line":348,"column":8},"end":{"line":348,"column":20}},"251":{"start":{"line":349,"column":8},"end":{"line":349,"column":34}},"252":{"start":{"line":350,"column":8},"end":{"line":350,"column":20}},"253":{"start":{"line":354,"column":8},"end":{"line":354,"column":34}},"254":{"start":{"line":354,"column":22},"end":{"line":354,"column":34}},"255":{"start":{"line":355,"column":8},"end":{"line":355,"column":25}},"256":{"start":{"line":356,"column":8},"end":{"line":356,"column":20}},"257":{"start":{"line":357,"column":8},"end":{"line":357,"column":20}},"258":{"start":{"line":361,"column":8},"end":{"line":361,"column":58}},"259":{"start":{"line":365,"column":8},"end":{"line":365,"column":36}},"260":{"start":{"line":365,"column":24},"end":{"line":365,"column":36}},"261":{"start":{"line":366,"column":8},"end":{"line":366,"column":50}},"262":{"start":{"line":366,"column":29},"end":{"line":366,"column":50}},"263":{"start":{"line":367,"column":8},"end":{"line":367,"column":24}},"264":{"start":{"line":368,"column":8},"end":{"line":368,"column":32}},"265":{"start":{"line":369,"column":8},"end":{"line":369,"column":23}},"266":{"start":{"line":370,"column":8},"end":{"line":370,"column":34}},"267":{"start":{"line":371,"column":8},"end":{"line":371,"column":20}},"268":{"start":{"line":375,"column":8},"end":{"line":375,"column":37}},"269":{"start":{"line":375,"column":25},"end":{"line":375,"column":37}},"270":{"start":{"line":376,"column":8},"end":{"line":376,"column":26}},"271":{"start":{"line":377,"column":8},"end":{"line":377,"column":23}},"272":{"start":{"line":378,"column":8},"end":{"line":378,"column":20}},"273":{"start":{"line":382,"column":8},"end":{"line":382,"column":34}},"274":{"start":{"line":383,"column":8},"end":{"line":383,"column":80}},"275":{"start":{"line":383,"column":68},"end":{"line":383,"column":80}},"276":{"start":{"line":384,"column":8},"end":{"line":390,"column":9}},"277":{"start":{"line":385,"column":12},"end":{"line":385,"column":25}},"278":{"start":{"line":386,"column":12},"end":{"line":386,"column":77}},"279":{"start":{"line":387,"column":12},"end":{"line":387,"column":24}},"280":{"start":{"line":388,"column":15},"end":{"line":390,"column":9}},"281":{"start":{"line":389,"column":12},"end":{"line":389,"column":33}},"282":{"start":{"line":391,"column":8},"end":{"line":391,"column":21}},"283":{"start":{"line":392,"column":8},"end":{"line":392,"column":28}},"284":{"start":{"line":393,"column":8},"end":{"line":393,"column":34}},"285":{"start":{"line":394,"column":8},"end":{"line":394,"column":20}},"286":{"start":{"line":399,"column":0},"end":{"line":399,"column":27}}},"branchMap":{"1":{"line":3,"type":"binary-expr","locations":[{"start":{"line":3,"column":9},"end":{"line":3,"column":30}},{"start":{"line":3,"column":34},"end":{"line":3,"column":36}}]},"2":{"line":7,"type":"if","locations":[{"start":{"line":7,"column":2},"end":{"line":7,"column":2}},{"start":{"line":7,"column":2},"end":{"line":7,"column":2}}]},"3":{"line":10,"type":"if","locations":[{"start":{"line":10,"column":7},"end":{"line":10,"column":7}},{"start":{"line":10,"column":7},"end":{"line":10,"column":7}}]},"4":{"line":13,"type":"if","locations":[{"start":{"line":13,"column":7},"end":{"line":13,"column":7}},{"start":{"line":13,"column":7},"end":{"line":13,"column":7}}]},"5":{"line":16,"type":"if","locations":[{"start":{"line":16,"column":7},"end":{"line":16,"column":7}},{"start":{"line":16,"column":7},"end":{"line":16,"column":7}}]},"6":{"line":24,"type":"if","locations":[{"start":{"line":24,"column":4},"end":{"line":24,"column":4}},{"start":{"line":24,"column":4},"end":{"line":24,"column":4}}]},"7":{"line":29,"type":"cond-expr","locations":[{"start":{"line":29,"column":27},"end":{"line":29,"column":31}},{"start":{"line":29,"column":34},"end":{"line":29,"column":39}}]},"8":{"line":30,"type":"cond-expr","locations":[{"start":{"line":30,"column":68},"end":{"line":30,"column":74}},{"start":{"line":30,"column":77},"end":{"line":30,"column":83}}]},"9":{"line":30,"type":"binary-expr","locations":[{"start":{"line":30,"column":24},"end":{"line":30,"column":35}},{"start":{"line":30,"column":39},"end":{"line":30,"column":65}}]},"10":{"line":46,"type":"if","locations":[{"start":{"line":46,"column":4},"end":{"line":46,"column":4}},{"start":{"line":46,"colu
[...]
:[{"start":{"line":307,"column":8},"end":{"line":307,"column":8}},{"start":{"line":307,"column":8},"end":{"line":307,"column":8}}]},"65":{"line":307,"type":"binary-expr","locations":[{"start":{"line":307,"column":12},"end":{"line":307,"column":20}},{"start":{"line":307,"column":24},"end":{"line":307,"column":33}}]},"66":{"line":310,"type":"cond-expr","locations":[{"start":{"line":310,"column":24},"end":{"line":310,"column":37}},{"start":{"line":310,"column":40},"end":{"line":310,"column":45}}]},"67":{"line":311,"type":"cond-expr","locations":[{"start":{"line":311,"column":24},"end":{"line":311,"column":37}},{"start":{"line":311,"column":40},"end":{"line":311,"column":45}}]},"68":{"line":312,"type":"cond-expr","locations":[{"start":{"line":312,"column":26},"end":{"line":312,"column":40}},{"start":{"line":312,"column":43},"end":{"line":312,"column":49}}]},"69":{"line":314,"type":"if","locations":[{"start":{"line":314,"column":8},"end":{"line":314,"column":8}},{"start":{"line":314,"column":8},"end":{"line":314,"column":8}}]},"70":{"line":315,"type":"if","locations":[{"start":{"line":315,"column":8},"end":{"line":315,"column":8}},{"start":{"line":315,"column":8},"end":{"line":315,"column":8}}]},"71":{"line":315,"type":"binary-expr","locations":[{"start":{"line":315,"column":12},"end":{"line":315,"column":17}},{"start":{"line":315,"column":21},"end":{"line":315,"column":61}}]},"72":{"line":316,"type":"if","locations":[{"start":{"line":316,"column":8},"end":{"line":316,"column":8}},{"start":{"line":316,"column":8},"end":{"line":316,"column":8}}]},"73":{"line":316,"type":"binary-expr","locations":[{"start":{"line":316,"column":12},"end":{"line":316,"column":17}},{"start":{"line":316,"column":21},"end":{"line":316,"column":59}}]},"74":{"line":317,"type":"if","locations":[{"start":{"line":317,"column":8},"end":{"line":317,"column":8}},{"start":{"line":317,"column":8},"end":{"line":317,"column":8}}]},"75":{"line":317,"type":"binary-expr","locations":[{"start":{"line":317,"column":12},"end":{"line":317,"column":18}},{"start":{"line":317,"column":22},"end":{"line":317,"column":72}}]},"76":{"line":319,"type":"cond-expr","locations":[{"start":{"line":319,"column":24},"end":{"line":319,"column":49}},{"start":{"line":319,"column":52},"end":{"line":319,"column":76}}]},"77":{"line":319,"type":"cond-expr","locations":[{"start":{"line":319,"column":62},"end":{"line":319,"column":71}},{"start":{"line":319,"column":74},"end":{"line":319,"column":76}}]},"78":{"line":320,"type":"cond-expr","locations":[{"start":{"line":320,"column":24},"end":{"line":320,"column":42}},{"start":{"line":320,"column":45},"end":{"line":320,"column":47}}]},"79":{"line":321,"type":"cond-expr","locations":[{"start":{"line":321,"column":26},"end":{"line":321,"column":45}},{"start":{"line":321,"column":47},"end":{"line":321,"column":49}}]},"80":{"line":323,"type":"if","locations":[{"start":{"line":323,"column":8},"end":{"line":323,"column":8}},{"start":{"line":323,"column":8},"end":{"line":323,"column":8}}]},"81":{"line":332,"type":"if","locations":[{"start":{"line":332,"column":8},"end":{"line":332,"column":8}},{"start":{"line":332,"column":8},"end":{"line":332,"column":8}}]},"82":{"line":343,"type":"if","locations":[{"start":{"line":343,"column":8},"end":{"line":343,"column":8}},{"start":{"line":343,"column":8},"end":{"line":343,"column":8}}]},"83":{"line":344,"type":"if","locations":[{"start":{"line":344,"column":8},"end":{"line":344,"column":8}},{"start":{"line":344,"column":8},"end":{"line":344,"column":8}}]},"84":{"line":345,"type":"if","locations":[{"start":{"line":345,"column":8},"end":{"line":345,"column":8}},{"start":{"line":345,"column":8},"end":{"line":345,"column":8}}]},"85":{"line":346,"type":"if","locations":[{"start":{"line":346,"column":8},"end":{"line":346,"column":8}},{"start":{"line":346,"column":8},"end":{"line":346,"column":8}}]},"86":{"line":354,"type":"if","locations":[{"start":{"line":354,"column":8},"end":{"line":354,"column":8}},{"start":{"line":354,"column":8},"end":{"line":354,"column":8}}]},"87":{"line":365,"type":"if","locations":[{"start":{"line":365,"column":8},"end":{"line":365,"column":8}},{"start":{"line":365,"column":8},"end":{"line":365,"column":8}}]},"88":{"line":366,"type":"if","locations":[{"start":{"line":366,"column":8},"end":{"line":366,"column":8}},{"start":{"line":366,"column":8},"end":{"line":366,"column":8}}]},"89":{"line":375,"type":"if","locations":[{"start":{"line":375,"column":8},"end":{"line":375,"column":8}},{"start":{"line":375,"column":8},"end":{"line":375,"column":8}}]},"90":{"line":383,"type":"if","locations":[{"start":{"line":383,"column":8},"end":{"line":383,"column":8}},{"start":{"line":383,"column":8},"end":{"line":383,"column":8}}]},"91":{"line":383,"type":"binary-expr","locations":[{"start":{"line":383,"column":12},"end":{"line":383,"column":22}},{"start":{"line":383,"column":26},"end":{"line":383,"column":39}},{"start":{"line":383,"column":43},"end":{"line":383,"column":51}},{"start":{"line":383,"column":55},"end":{"line":383,"column":66}}]},"92":{"line":384,"type":"if","locations":[{"start":{"line":384,"column":8},"end":{"line":384,"column":8}},{"start":{"line":384,"column":8},"end":{"line":384,"column":8}}]},"93":{"line":384,"type":"binary-expr","locations":[{"start":{"line":384,"column":12},"end":{"line":384,"column":27}},{"start":{"line":384,"column":31},"end":{"line":384,"column":45}}]},"94":{"line":388,"type":"if","locations":[{"start":{"line":388,"column":15},"end":{"line":388,"column":15}},{"start":{"line":388,"column":15},"end":{"line":388,"column":15}}]},"95":{"line":388,"type":"binary-expr","locations":[{"start":{"line":388,"column":19},"end":{"line":388,"column":34}},{"start":{"line":388,"column":38},"end":{"line":388,"column":53}}]}},"code":["","function isFalse(s) {","  return typeof s !== 'number' && !s;","}","","function strval(s) {","  if (typeof s == 'string') {","    return s;","  }","  else if (typeof s == 'number') {","    return s+'';","  }","  else if (typeof s == 'function') {","    return s();","  }","  else if (s instanceof XMLWriter) {","    return s.toString();","  }","  else throw Error('Bad Parameter');","}","","function XMLWriter(indent, callback) {","","    if (!(this instanceof XMLWriter)) {","        return new XMLWriter();","    }","","    this.name_regex = /[_:A-Za-z][-._:A-Za-z0-9]*/;","    this.indent = indent ? true : false;","    this.indentString = this.indent && typeof indent === 'string' ? indent : '    ';","    this.output = '';","    this.stack = [];","    this.tags = 0;","    this.attributes = 0;","    this.attribute = 0;","    this.texts = 0;","    this.comment = 0;","    this.dtd = 0;","    this.root = '';","    this.pi = 0;","    this.cdata = 0;","    this.started_write = false;","    this.writer;","    this.writer_encoding = 'UTF-8';","","    if (typeof callback == 'function') {","        this.writer = callback;","    } else {","        this.writer = function (s, e) {","            this.output += s;","        }","    }","}","","XMLWriter.prototype = {","    toString : function () {","        this.flush();","        return this.output;","    },","","    indenter : function () {","      if (this.indent) {","        this.write('\\n');","        for (var i = 1; i < this.tags; i++) {","          this.write(this.indentString);","        }","      }","    },","","    write : function () {","        for (var i = 0; i < arguments.length; i++) {","            this.writer(arguments[i], this.writer_encoding);","        }","    },","","","    flush : function () {","        for (var i = this.tags; i > 0; i--) {","            this.endElement();","        }","        this.tags = 0;","    },","","    startDocument : function (version, encoding, standalone) {","        if (this.tags || this.attributes) return this;","","        this.startPI('xml');","        this.startAttribute('version');","        this.text(typeof version == \"string\" ? version : \"1.0\");","        this.endAttribute();","        if (typeof encoding == \"string\") {","            this.startAttribute('encoding');","            this.text(encoding);","            this.endAttribute();","            this.writer_encoding = encoding;","        }","        if (standalone) {","            this.startAttribute('standalone');","            this.text(\"yes\");","            this.endAttribute();","        }","        this.endPI();","        if (!this.indent) {","          this.write('\\n');","        }","        return this;","    },","","    endDocument : function () {","        if (this.attributes) this.endAttributes();","        return this;","    },","","    writeElement : function (name, content) {","        return this.startElement(name).text(content).endElement();","    },","","    writeElementNS : function (prefix, name, uri, content) {","        if (!content) {","            content = uri;","        }","        return this.startElementNS(prefix, name, uri).text(content).endElement();","    },","","    startElement : function (name) {","        name = strval(name);","        if (!name.match(this.name_regex)) throw Error('Invalid Parameter');","        if (this.tags === 0 && this.root && this.root !== name) throw Error('Invalid Parameter');","        if (this.attributes) this.endAttributes();","        ++this.tags;","        this.texts = 0;","        if (this.stack.length > 0)","          this.stack[this.stack.length-1].containsTag = true;","","        this.stack.push({","            name: name,","            tags: this.tags","        });","        if (this.started_write) this.indenter();","        this.write('<', name);","        this.startAttributes();","        this.started_write = true;","        return this;","    },","    startElementNS : function (prefix, name, uri) {","        prefix = strval(prefix);","        name = strval(name);","","        if (!prefix.match(this.name_regex)) throw Error('Invalid Parameter');","        if (!name.match(this.name_regex)) throw Error('Invalid Parameter');","        if (this.attributes) this.endAttributes();","        ++this.tags;","        this.texts = 0;","        if (this.stack.length > 0)","          this.stack[this.stack.length-1].containsTag = true;","","        this.stack.push({","            name: prefix + ':' + name,","            tags: this.tags","        });","        if (this.started_write) this.indenter();","        this.write('<', prefix + ':' + name);","        this.startAttributes();","        this.started_write = true;","        return this;","    },","","    endElement : function () {","        if (!this.tags) return this;","        var t = this.stack.pop();","        if (this.attributes > 0) {","            if (this.attribute) {","                if (this.texts) this.endAttribute();","                this.endAttribute();","            }","            this.write('/');","            this.endAttributes();","        } else {","            if (t.containsTag) this.indenter();","            this.write('</', t.name, '>');","        }","        --this.tags;","        this.texts = 0;","        return this;","    },","","    writeAttribute : function (name, content) {","        if (typeof content == 'function') {","          content = content();","        }","        if (isFalse(content)) {","           return this;","        }","        return this.startAttribute(name).text(content).endAttribute();","    },","    writeAttributeNS : function (prefix, name, uri, content) {","        if (!content) {","            content = uri;","        }","        if (typeof content == 'function') {","          content = content();","        }","        if (isFalse(content)) {","          return this;","        }","        return this.startAttributeNS(prefix, name, uri).text(content).endAttribute();","    },","","    startAttributes : function () {","        this.attributes = 1;","        return this;","    },","","    endAttributes : function () {","        if (!this.attributes) return this;","        if (this.attribute) this.endAttribute();","        this.attributes = 0;","        this.attribute = 0;","        this.texts = 0;","        this.write('>');","        return this;","    },","","    startAttribute : function (name) {","        name = strval(name);","        if (!name.match(this.name_regex)) throw Error('Invalid Parameter');","        if (!this.attributes && !this.pi) return this;","        if (this.attribute) return this;","        this.attribute = 1;","        this.write(' ', name, '=\"');","        return this;","    },","    startAttributeNS : function (prefix, name, uri) {","        prefix = strval(prefix);","        name = strval(name);","","        if (!prefix.match(this.name_regex)) throw Error('Invalid Parameter');","        if (!name.match(this.name_regex)) throw Error('Invalid Parameter');","        if (!this.attributes && !this.pi) return this;","        if (this.attribute) return this;","        this.attribute = 1;","        this.write(' ', prefix + ':' + name, '=\"');","        return this;","    },","    endAttribute : function () {","        if (!this.attribute) return this;","        this.attribute = 0;","        this.texts = 0;","        this.write('\"');","        return this;","    },","","    text : function (content) {","        content = strval(content);","        if (!this.tags && !this.comment && !this.pi && !this.cdata) return this;","        if (this.attributes && this.attribute) {","            ++this.texts;","            this.write(content","                       .replace(/&/g, '&amp;')","                       .replace(/</g, '&lt;')","                       .replace(/\"/g, '&quot;')","                       .replace(/\\t/g, '&#x9;')","                       .replace(/\\n/g, '&#xA;')","                       .replace(/\\r/g, '&#xD;')","                      );","            return this;","        } else if (this.attributes && !this.attribute) {","            this.endAttributes();","        }","        if (this.comment || this.cdata) {","            this.write(content);","        }","        else {","          this.write(content.replace(/&/g, '&amp;').replace(/</g, '&lt;').replace(/>/g, '&gt;'));","        }","        ++this.texts;","        this.started_write = true;","        return this;","    },","","    writeComment : function (content) {","        return this.startComment().text(content).endComment();","    },","","    startComment : function () {","        if (this.comment) return this;","        if (this.attributes) this.endAttributes();","        this.indenter();","        this.write('<!--');","        this.comment = 1;","        this.started_write = true;","        return this;","    },","","    endComment : function () {","        if (!this.comment) return this;","        this.write('-->');","        this.comment = 0;","        return this;","    },","","    writeDocType : function (name, pubid, sysid, subset) {","        return this.startDocType(name, pubid, sysid, subset).endDocType()","    },","","    startDocType : function (name, pubid, sysid, subset) {","        if (this.dtd || this.tags) return this;","","        name = strval(name);","        pubid = pubid ? strval(pubid) : pubid;","        sysid = sysid ? strval(sysid) : sysid;","        subset = subset ? strval(subset) : subset;","","        if (!name.match(this.name_regex)) throw Error('Invalid Parameter');","        if (pubid && !pubid.match(/^[\\w\\-][\\w\\s\\-\\/\\+\\:\\.]*/)) throw Error('Invalid Parameter');","        if (sysid && !sysid.match(/^[\\w\\.][\\w\\-\\/\\\\\\:\\.]*/)) throw Error('Invalid Parameter');","        if (subset && !subset.match(/[\\w\\s\\<\\>\\+\\.\\!\\#\\-\\?\\*\\,\\(\\)\\|]*/)) throw Error('Invalid Parameter');","","        pubid = pubid ? ' PUBLIC \"' + pubid + '\"' : (sysid) ? ' SYSTEM' : '';","        sysid = sysid ? ' \"' + sysid + '\"' : '';","        subset = subset ? ' [' + subset + ']': '';","","        if (this.started_write) this.indenter();","        this.write('<!DOCTYPE ', name, pubid, sysid, subset);","        this.root = name;","        this.dtd = 1;","        this.started_write = true;","        return this;","    },","","    endDocType : function () {","        if (!this.dtd) return this;","        this.write('>');","        return this;","    },","","    writePI : function (name, content) {","        return this.startPI(name).text(content).endPI()","    },","","    startPI : function (name) {","        name = strval(name);","        if (!name.match(this.name_regex)) throw Error('Invalid Parameter');","        if (this.pi) return this;","        if (this.attributes) this.endAttributes();","        if (this.started_write) this.indenter();","        this.write('<?', name);","        this.pi = 1;","        this.started_write = true;","        return this;","    },","","    endPI : function () {","        if (!this.pi) return this;","        this.write('?>');","        this.pi = 0;","        return this;","    },","","    writeCData : function (content) {","        return this.startCData().text(content).endCData();","    },","","    startCData : function () {","        if (this.cdata) return this;","        if (this.attributes) this.endAttributes();","        this.indenter();","        this.write('<![CDATA[');","        this.cdata = 1;","        this.started_write = true;","        return this;","    },","","    endCData : function () {","        if (!this.cdata) return this;","        this.write(']]>');","        this.cdata = 0;","        return this;","    },","","    writeRaw : function(content) {","        content = strval(content);","        if (!this.tags && !this.comment && !this.pi && !this.cdata) return this;","        if (this.attributes && this.attribute) {","            ++this.texts;","            this.write(content.replace('&', '&amp;').replace('\"', '&quot;'));","            return this;","        } else if (this.attributes && !this.attribute) {","            this.endAttributes();","        }","        ++this.texts;","        this.write(content);","        this.started_write = true;","        return this;","    }","","}","","module.exports = XMLWriter;",""],"l":{"2":1,"3":0,"6":1,"7":0,"8":0,"10":0,"11":0,"13":0,"14":0,"16":0,"17":0,"19":0,"22":1,"24":0,"25":0,"28":0,"29":0,"30":0,"31":0,"32":0,"33":0,"34":0,"35":0,"36":0,"37":0,"38":0,"39":0,"40":0,"41":0,"42":0,"43":0,"44":0,"46":0,"47":0,"49":0,"50":0,"55":1,"57":0,"58":0,"62":0,"63":0,"64":0,"65":0,"71":0,"72":0,"78":0,"79":0,"81":0,"85":0,"87":0,"88":0,"89":0,"90":0,"91":0,"92":0,"93":0,"94":0,"95":0,"97":0,"98":0,"99":0,"100":0,"102":0,"103":0,"104":0,"106":0,"110":0,"111":0,"115":0,"119":0,"120":0,"122":0,"126":0,"127":0,"128":0,"129":0,"130":0,"131":0,"132":0,"133":0,"135":0,"139":0,"140":0,"141":0,"142":0,"143":0,"146":0,"147":0,"149":0,"150":0,"151":0,"152":0,"153":0,"154":0,"155":0,"157":0,"161":0,"162":0,"163":0,"164":0,"165":0,"169":0,"170":0,"171":0,"172":0,"173":0,"174":0,"176":0,"177":0,"179":0,"180":0,"182":0,"183":0,"184":0,"188":0,"189":0,"191":0,"192":0,"194":0,"197":0,"198":0,"200":0,"201":0,"203":0,"204":0,"206":0,"210":0,"211":0,"215":0,"216":0,"217":0,"218":0,"219":0,"220":0,"221":0,"225":0,"226":0,"227":0,"228":0,"229":0,"230":0,"231":0,"234":0,"235":0,"237":0,"238":0,"239":0,"240":0,"241":0,"242":0,"243":0,"246":0,"247":0,"248":0,"249":0,"250":0,"254":0,"255":0,"256":0,"257":0,"258":0,"266":0,"267":0,"268":0,"270":0,"271":0,"274":0,"276":0,"277":0,"278":0,"282":0,"286":0,"287":0,"288":0,"289":0,"290":0,"291":0,"292":0,"296":0,"297":0,"298":0,"299":0,"303":0,"307":0,"309":0,"310":0,"311":0,"312":0,"314":0,"315":0,"316":0,"317":0,"319":0,"320":0,"321":0,"323":0,"324":0,"325":0,"326":0,"327":0,"328":0,"332":0,"333":0,"334":0,"338":0,"342":0,"343":0,"344":0,"345":0,"346":0,"347":0,"348":0,"349":0,"350":0,"354":0,"355":0,"356":0,"357":0,"361":0,"365":0,"366":0,"367":0,"368":0,"369":0,"370":0,"371":0,"375":0,"376":0,"377":0,"378":0,"382":0,"383":0,"384":0,"385":0,"386":0,"387":0,"388":0,"389":0,"391":0,"392":0,"393":0,"394":0,"399":1}}}